  u3270.c
  u32702.c
  u32703.c
  uabend.c
  ualloc.c
  ucalc.c
  ucalc2.c
  ucvebc.c
  ucvebc2.c
  ucvebc3.c
  ucvebc32.c
  ucvebc4.c
  ucvebct.c
  ucvext.c
  ucvext12.c
  ucvext2.c
  ucvucs.c
  ucvucst.c
  udbcschk.c
  udbcsck2.c
  コードを生成中...
  コンパイル中...
  udos.c
  udos2.c
  uedit.c
  uedit2.c
  uerr.c
  ufemsg.c
  ufile.c
  ufile12.c
  ufile1f.c
  ufile2.c
  ufile2f.c
  ufile3.c
  ufile3f.c
  ufile4.c
  ufile5.c
  uftp.c
  uftp2.c
  uftp3.c
  ukbd.c
  ukbdw.c
  コードを生成中...
  コンパイル中...
  umiscf.c
  uparse.c
  uproc.c
  uproc2.c
  uproc22.c
  uproc3.c
  uproc4.c
  uque.c
  uregex.c
  ustring.c
  utf.c
  utf2.c
  utf22.c
  utf3.c
  utf4.c
  utrace.c
  uvio.c
  uvio2.c
  uviom.c
  uwinsub.c
  コードを生成中...
  コンパイル中...
  xe.c
  xecalc.c
  xecalc2.c
  xecalc21.c
  xecalc22.c
  xecalc3.c
  xecap.c
  xecap2.c
  xechar.c
  xechar12.c
  xechar13.c
  xechar2.c
  xecsr.c
  xedcmd.c
  xedcmd2.c
  xedcmd3.c
  xedcmd4.c
  xedir.c
  xedir2.c
  xedir3.c
  コードを生成中...
  コンパイル中...
  xedir4.c
  xedlcmd.c
  xedlcmd2.c
  xedlcmd3.c
  xedlcmd4.c
  xedlcmd5.c
  xedlcmd6.c
  xeebc.c
  xeerr.c
  xefcmd.c
  xefcmd2.c
  xefcmd22.c
  xefcmd23.c
  xefcmd24.c
  xefcmd25.c
  xefcmd26.c
  xefcmd27.c
  xefcmd3.c
  xefcmd4.c
  xefcmd42.c
  コードを生成中...
  コンパイル中...
  xefcmd43.c
  xefcmd5.c
  xefcmd6.c
  xefile.c
  xefile12.c
  xefile13.c
  xefile14.c
  xefile15.c
  xefile2.c
  xefile22.c
  xefile23.c
  xefile3.c
  xefile4.c
  xefile42.c
  xefile43.c
  xefile5.c
  xefile6.c
  xefile7.c
  xefsub.c
  xeftp.c
  コードを生成中...
  コンパイル中...
  xefunc.c
  xefunc2.c
  xefunct.c
  xefunct2.c
  xegbl.c
  xeini.c
  xeini2.c
  xeini3.c
  xekbd.c
  xelcmd.c
  xelcmd2.c
  xelcmd3.c
  xelcmd4.c
  xelcmd5.c
  xeopt.c
  xeopt2.c
  xepan.c
  xepan2.c
  xepan22.c
  xepan23.c
  コードを生成中...
  コンパイル中...
  xepan24.c
  xepan3.c
  xescr.c
  xescr2.c
  xesub.c
  xesub2.c
  xesyn.c
  xesyn2.c
  xesyscmd.c
  xetso.c
  xetso2.c
  xeundo.c
  xeutf.c
  xeutf2.c
  wxecsub.c
  wxecsub2.c
  wxexei.c
  wxexei2.c
  wxexei3.c
  ufilew.c
  コードを生成中...
  コンパイル中...
  ustrcpy.c
  xefsubw.c
  xefcmd7.c
  コードを生成中...
  MainFrm.cpp
  stdafx.cpp
  wxe.cpp
  wxedlg.cpp
  wxedoc.cpp
  wxefile.cpp
  wxekbd.cpp
  wxemain.cpp
  wxemouse.cpp
  wxepage.cpp
  wxeprt.cpp
  wxescr.cpp
  wxeview.cpp
  コードを生成中...
  wxe.vcxproj -> W:\MSVS2022CProjects\wxe\wxe\Debug\x64\wxe.exe
