Archive:  sample.zip
  Length     Date   Time    Name
 --------    ----   ----    ----
        0  17-07-30 21:20   sample/
        0  24-12-07 23:27   sample/data/
     9980  24-12-07 23:27   sample/data/xe3270.cfg
    12755  17-08-07 22:43   sample/data/xeebc.map
     3564  18-02-22 07:20   sample/data/xehosts
     1078  22-12-05 20:29   sample/data/xelchwin.ini
     5775  24-12-03 21:39   sample/data/xesynw.cfg
        0  25-01-20 20:32   sample/doc/
    18326  06-11-01 17:51   sample/doc/gnugpl.txt
     9052  24-11-23 20:29   sample/doc/xcve.txt
    14622  24-11-23 20:50   sample/doc/xcvj.txt
     6172  08-01-30 22:26   sample/doc/xdige.txt
     6562  07-05-20 18:44   sample/doc/xdigj.txt
   929749  25-01-20 16:05   sample/doc/xee.txt
  1054004  25-01-20 16:05   sample/doc/xej.txt
   108976  16-09-09 07:54   sample/doc/xelnxe.txt
   100363  16-09-09 07:53   sample/doc/xelnxj.txt
    40703  25-01-20 16:07   sample/doc/xeREADME_en.txt
    40647  25-01-20 16:08   sample/doc/xeREADME_jp.txt
    16449  13-11-20 18:08   sample/doc/xewxee.txt
    17467  13-11-20 18:07   sample/doc/xewxej.txt
    14399  08-09-10 19:14   sample/doc/xfmte.txt
    13990  08-09-10 19:14   sample/doc/xfmtj.txt
    51724  17-08-23 06:59   sample/doc/xpe.txt
    61192  17-08-23 06:59   sample/doc/xpj.txt
        0  25-01-20 20:31   sample/staff/
  1169617  17-06-25 16:07   sample/staff/gnu-source-highlight.zip
   276629  08-03-23 17:56   sample/staff/grep.exe
  1324051  24-11-29 16:17   sample/staff/highlight-4.4-x64.forXE.Win.zip
 --------                   -------
  5307846                   29 files
