w:\msvs2022cprojects\wxe\wxe\release\x64\wxeview.obj
w:\msvs2022cprojects\wxe\wxe\release\x64\wxescr.obj
w:\msvs2022cprojects\wxe\wxe\release\x64\wxeprt.obj
w:\msvs2022cprojects\wxe\wxe\release\x64\wxepage.obj
w:\msvs2022cprojects\wxe\wxe\release\x64\wxemouse.obj
w:\msvs2022cprojects\wxe\wxe\release\x64\wxemain.obj
w:\msvs2022cprojects\wxe\wxe\release\x64\wxekbd.obj
w:\msvs2022cprojects\wxe\wxe\release\x64\wxefile.obj
w:\msvs2022cprojects\wxe\wxe\release\x64\wxedoc.obj
w:\msvs2022cprojects\wxe\wxe\release\x64\wxedlg.obj
w:\msvs2022cprojects\wxe\wxe\release\x64\wxe.obj
w:\msvs2022cprojects\wxe\wxe\release\x64\stdafx.obj
w:\msvs2022cprojects\wxe\wxe\release\x64\mainfrm.obj
w:\msvs2022cprojects\wxe\wxe\release\x64\ucvext.obj
w:\msvs2022cprojects\wxe\wxe\release\x64\ucvebct.obj
w:\msvs2022cprojects\wxe\wxe\release\x64\ucvebc4.obj
w:\msvs2022cprojects\wxe\wxe\release\x64\ucvebc32.obj
w:\msvs2022cprojects\wxe\wxe\release\x64\ucvebc3.obj
w:\msvs2022cprojects\wxe\wxe\release\x64\ucvebc2.obj
w:\msvs2022cprojects\wxe\wxe\release\x64\ucvebc.obj
w:\msvs2022cprojects\wxe\wxe\release\x64\ucalc2.obj
w:\msvs2022cprojects\wxe\wxe\release\x64\ucalc.obj
w:\msvs2022cprojects\wxe\wxe\release\x64\ualloc.obj
w:\msvs2022cprojects\wxe\wxe\release\x64\uabend.obj
w:\msvs2022cprojects\wxe\wxe\release\x64\u32703.obj
w:\msvs2022cprojects\wxe\wxe\release\x64\u32702.obj
w:\msvs2022cprojects\wxe\wxe\release\x64\u3270.obj
w:\msvs2022cprojects\wxe\wxe\release\x64\wxexei3.obj
w:\msvs2022cprojects\wxe\wxe\release\x64\wxexei2.obj
w:\msvs2022cprojects\wxe\wxe\release\x64\wxexei.obj
w:\msvs2022cprojects\wxe\wxe\release\x64\wxecsub2.obj
w:\msvs2022cprojects\wxe\wxe\release\x64\wxecsub.obj
w:\msvs2022cprojects\wxe\wxe\release\x64\xefcmd7.obj
w:\msvs2022cprojects\wxe\wxe\release\x64\ufile4.obj
w:\msvs2022cprojects\wxe\wxe\release\x64\ufile3f.obj
w:\msvs2022cprojects\wxe\wxe\release\x64\ufile3.obj
w:\msvs2022cprojects\wxe\wxe\release\x64\ufile2f.obj
w:\msvs2022cprojects\wxe\wxe\release\x64\ufile2.obj
w:\msvs2022cprojects\wxe\wxe\release\x64\ufile1f.obj
w:\msvs2022cprojects\wxe\wxe\release\x64\ufile12.obj
w:\msvs2022cprojects\wxe\wxe\release\x64\ufile.obj
w:\msvs2022cprojects\wxe\wxe\release\x64\ufemsg.obj
w:\msvs2022cprojects\wxe\wxe\release\x64\uerr.obj
w:\msvs2022cprojects\wxe\wxe\release\x64\uedit2.obj
w:\msvs2022cprojects\wxe\wxe\release\x64\uedit.obj
w:\msvs2022cprojects\wxe\wxe\release\x64\udos2.obj
w:\msvs2022cprojects\wxe\wxe\release\x64\udos.obj
w:\msvs2022cprojects\wxe\wxe\release\x64\udbcsck2.obj
w:\msvs2022cprojects\wxe\wxe\release\x64\udbcschk.obj
w:\msvs2022cprojects\wxe\wxe\release\x64\ucvucst.obj
w:\msvs2022cprojects\wxe\wxe\release\x64\ucvucs.obj
w:\msvs2022cprojects\wxe\wxe\release\x64\ucvext2.obj
w:\msvs2022cprojects\wxe\wxe\release\x64\ucvext12.obj
w:\msvs2022cprojects\wxe\wxe\release\x64\utf2.obj
w:\msvs2022cprojects\wxe\wxe\release\x64\utf.obj
w:\msvs2022cprojects\wxe\wxe\release\x64\ustring.obj
w:\msvs2022cprojects\wxe\wxe\release\x64\ustrcpy.obj
w:\msvs2022cprojects\wxe\wxe\release\x64\uregex.obj
w:\msvs2022cprojects\wxe\wxe\release\x64\uque.obj
w:\msvs2022cprojects\wxe\wxe\release\x64\uproc4.obj
w:\msvs2022cprojects\wxe\wxe\release\x64\uproc3.obj
w:\msvs2022cprojects\wxe\wxe\release\x64\uproc22.obj
w:\msvs2022cprojects\wxe\wxe\release\x64\uproc2.obj
w:\msvs2022cprojects\wxe\wxe\release\x64\uproc.obj
w:\msvs2022cprojects\wxe\wxe\release\x64\uparse.obj
w:\msvs2022cprojects\wxe\wxe\release\x64\umiscf.obj
w:\msvs2022cprojects\wxe\wxe\release\x64\ukbdw.obj
w:\msvs2022cprojects\wxe\wxe\release\x64\ukbd.obj
w:\msvs2022cprojects\wxe\wxe\release\x64\uftp3.obj
w:\msvs2022cprojects\wxe\wxe\release\x64\uftp2.obj
w:\msvs2022cprojects\wxe\wxe\release\x64\uftp.obj
w:\msvs2022cprojects\wxe\wxe\release\x64\ufilew.obj
w:\msvs2022cprojects\wxe\wxe\release\x64\ufile5.obj
w:\msvs2022cprojects\wxe\wxe\release\x64\xechar2.obj
w:\msvs2022cprojects\wxe\wxe\release\x64\xechar13.obj
w:\msvs2022cprojects\wxe\wxe\release\x64\xechar12.obj
w:\msvs2022cprojects\wxe\wxe\release\x64\xechar.obj
w:\msvs2022cprojects\wxe\wxe\release\x64\xecap2.obj
w:\msvs2022cprojects\wxe\wxe\release\x64\xecap.obj
w:\msvs2022cprojects\wxe\wxe\release\x64\xecalc3.obj
w:\msvs2022cprojects\wxe\wxe\release\x64\xecalc22.obj
w:\msvs2022cprojects\wxe\wxe\release\x64\xecalc21.obj
w:\msvs2022cprojects\wxe\wxe\release\x64\xecalc2.obj
w:\msvs2022cprojects\wxe\wxe\release\x64\xecalc.obj
w:\msvs2022cprojects\wxe\wxe\release\x64\xe.obj
w:\msvs2022cprojects\wxe\wxe\release\x64\uwinsub.obj
w:\msvs2022cprojects\wxe\wxe\release\x64\uviom.obj
w:\msvs2022cprojects\wxe\wxe\release\x64\uvio2.obj
w:\msvs2022cprojects\wxe\wxe\release\x64\uvio.obj
w:\msvs2022cprojects\wxe\wxe\release\x64\utrace.obj
w:\msvs2022cprojects\wxe\wxe\release\x64\utf4.obj
w:\msvs2022cprojects\wxe\wxe\release\x64\utf3.obj
w:\msvs2022cprojects\wxe\wxe\release\x64\utf22.obj
w:\msvs2022cprojects\wxe\wxe\release\x64\xefcmd22.obj
w:\msvs2022cprojects\wxe\wxe\release\x64\xefcmd2.obj
w:\msvs2022cprojects\wxe\wxe\release\x64\xefcmd.obj
w:\msvs2022cprojects\wxe\wxe\release\x64\xeerr.obj
w:\msvs2022cprojects\wxe\wxe\release\x64\xeebc.obj
w:\msvs2022cprojects\wxe\wxe\release\x64\xedlcmd6.obj
w:\msvs2022cprojects\wxe\wxe\release\x64\xedlcmd5.obj
w:\msvs2022cprojects\wxe\wxe\release\x64\xedlcmd4.obj
w:\msvs2022cprojects\wxe\wxe\release\x64\xedlcmd3.obj
w:\msvs2022cprojects\wxe\wxe\release\x64\xedlcmd2.obj
w:\msvs2022cprojects\wxe\wxe\release\x64\xedlcmd.obj
w:\msvs2022cprojects\wxe\wxe\release\x64\xedir4.obj
w:\msvs2022cprojects\wxe\wxe\release\x64\xedir3.obj
w:\msvs2022cprojects\wxe\wxe\release\x64\xedir2.obj
w:\msvs2022cprojects\wxe\wxe\release\x64\xedir.obj
w:\msvs2022cprojects\wxe\wxe\release\x64\xedcmd4.obj
w:\msvs2022cprojects\wxe\wxe\release\x64\xedcmd3.obj
w:\msvs2022cprojects\wxe\wxe\release\x64\xedcmd2.obj
w:\msvs2022cprojects\wxe\wxe\release\x64\xedcmd.obj
w:\msvs2022cprojects\wxe\wxe\release\x64\xecsr.obj
w:\msvs2022cprojects\wxe\wxe\release\x64\xefile3.obj
w:\msvs2022cprojects\wxe\wxe\release\x64\xefile23.obj
w:\msvs2022cprojects\wxe\wxe\release\x64\xefile22.obj
w:\msvs2022cprojects\wxe\wxe\release\x64\xefile2.obj
w:\msvs2022cprojects\wxe\wxe\release\x64\xefile15.obj
w:\msvs2022cprojects\wxe\wxe\release\x64\xefile14.obj
w:\msvs2022cprojects\wxe\wxe\release\x64\xefile13.obj
w:\msvs2022cprojects\wxe\wxe\release\x64\xefile12.obj
w:\msvs2022cprojects\wxe\wxe\release\x64\xefile.obj
w:\msvs2022cprojects\wxe\wxe\release\x64\xefcmd6.obj
w:\msvs2022cprojects\wxe\wxe\release\x64\xefcmd5.obj
w:\msvs2022cprojects\wxe\wxe\release\x64\xefcmd43.obj
w:\msvs2022cprojects\wxe\wxe\release\x64\xefcmd42.obj
w:\msvs2022cprojects\wxe\wxe\release\x64\xefcmd4.obj
w:\msvs2022cprojects\wxe\wxe\release\x64\xefcmd3.obj
w:\msvs2022cprojects\wxe\wxe\release\x64\xefcmd27.obj
w:\msvs2022cprojects\wxe\wxe\release\x64\xefcmd26.obj
w:\msvs2022cprojects\wxe\wxe\release\x64\xefcmd25.obj
w:\msvs2022cprojects\wxe\wxe\release\x64\xefcmd24.obj
w:\msvs2022cprojects\wxe\wxe\release\x64\xefcmd23.obj
w:\msvs2022cprojects\wxe\wxe\release\x64\xelcmd2.obj
w:\msvs2022cprojects\wxe\wxe\release\x64\xelcmd.obj
w:\msvs2022cprojects\wxe\wxe\release\x64\xekbd.obj
w:\msvs2022cprojects\wxe\wxe\release\x64\xeini3.obj
w:\msvs2022cprojects\wxe\wxe\release\x64\xeini2.obj
w:\msvs2022cprojects\wxe\wxe\release\x64\xeini.obj
w:\msvs2022cprojects\wxe\wxe\release\x64\xegbl.obj
w:\msvs2022cprojects\wxe\wxe\release\x64\xefunct2.obj
w:\msvs2022cprojects\wxe\wxe\release\x64\xefunct.obj
w:\msvs2022cprojects\wxe\wxe\release\x64\xefunc2.obj
w:\msvs2022cprojects\wxe\wxe\release\x64\xefunc.obj
w:\msvs2022cprojects\wxe\wxe\release\x64\xeftp.obj
w:\msvs2022cprojects\wxe\wxe\release\x64\xefsubw.obj
w:\msvs2022cprojects\wxe\wxe\release\x64\xefsub.obj
w:\msvs2022cprojects\wxe\wxe\release\x64\xefile7.obj
w:\msvs2022cprojects\wxe\wxe\release\x64\xefile6.obj
w:\msvs2022cprojects\wxe\wxe\release\x64\xefile5.obj
w:\msvs2022cprojects\wxe\wxe\release\x64\xefile43.obj
w:\msvs2022cprojects\wxe\wxe\release\x64\xefile42.obj
w:\msvs2022cprojects\wxe\wxe\release\x64\xefile4.obj
w:\msvs2022cprojects\wxe\wxe\release\x64\xetso2.obj
w:\msvs2022cprojects\wxe\wxe\release\x64\xetso.obj
w:\msvs2022cprojects\wxe\wxe\release\x64\xesyscmd.obj
w:\msvs2022cprojects\wxe\wxe\release\x64\xesyn2.obj
w:\msvs2022cprojects\wxe\wxe\release\x64\xesyn.obj
w:\msvs2022cprojects\wxe\wxe\release\x64\xesub2.obj
w:\msvs2022cprojects\wxe\wxe\release\x64\xesub.obj
w:\msvs2022cprojects\wxe\wxe\release\x64\xescr2.obj
w:\msvs2022cprojects\wxe\wxe\release\x64\xescr.obj
w:\msvs2022cprojects\wxe\wxe\release\x64\xepan3.obj
w:\msvs2022cprojects\wxe\wxe\release\x64\xepan24.obj
w:\msvs2022cprojects\wxe\wxe\release\x64\xepan23.obj
w:\msvs2022cprojects\wxe\wxe\release\x64\xepan22.obj
w:\msvs2022cprojects\wxe\wxe\release\x64\xepan2.obj
w:\msvs2022cprojects\wxe\wxe\release\x64\xepan.obj
w:\msvs2022cprojects\wxe\wxe\release\x64\xeopt2.obj
w:\msvs2022cprojects\wxe\wxe\release\x64\xeopt.obj
w:\msvs2022cprojects\wxe\wxe\release\x64\xelcmd5.obj
w:\msvs2022cprojects\wxe\wxe\release\x64\xelcmd4.obj
w:\msvs2022cprojects\wxe\wxe\release\x64\xelcmd3.obj
w:\msvs2022cprojects\wxe\wxe\release\x64\xeutf2.obj
w:\msvs2022cprojects\wxe\wxe\release\x64\xeutf.obj
w:\msvs2022cprojects\wxe\wxe\release\x64\xeundo.obj
w:\msvs2022cprojects\wxe\wxe\release\x64\wxe.exe
w:\msvs2022cprojects\wxe\wxe\release\x64\wxe.map
w:\msvs2022cprojects\wxe\wxe\release\x64\wxe.res
w:\msvs2022cprojects\wxe\wxe\release\x64\wxe.tlog\cl.command.1.tlog
w:\msvs2022cprojects\wxe\wxe\release\x64\wxe.tlog\cl.read.1.tlog
w:\msvs2022cprojects\wxe\wxe\release\x64\wxe.tlog\cl.write.1.tlog
w:\msvs2022cprojects\wxe\wxe\release\x64\wxe.tlog\link.command.1.tlog
w:\msvs2022cprojects\wxe\wxe\release\x64\wxe.tlog\link.read.1.tlog
w:\msvs2022cprojects\wxe\wxe\release\x64\wxe.tlog\link.write.1.tlog
w:\msvs2022cprojects\wxe\wxe\release\x64\wxe.tlog\rc.command.1.tlog
w:\msvs2022cprojects\wxe\wxe\release\x64\wxe.tlog\rc.read.1.tlog
w:\msvs2022cprojects\wxe\wxe\release\x64\wxe.tlog\rc.write.1.tlog
