2020/12/24 10:56:20 にビルドを開始しました。
     1>ノード 2 上のプロジェクト "W:\MSVS2017CProjects\wxe\wxe\wxe.vcxproj" (Build ターゲット)。
     1>InitializeBuildStatus:
         "Debug\x64\wxe.tlog\unsuccessfulbuild" のタッチ タスクを実行しています。
       ClCompile:
         すべての出力が最新のものです。
         すべての出力が最新のものです。
       ResourceCompile:
         すべての出力が最新のものです。
       Link:
         C:\Program Files (x86)\Microsoft Visual Studio\2017\Community\VC\Tools\MSVC\14.16.27023\bin\HostX86\x64\link.exe /ERRORREPORT:PROMPT /OUT:"Debug\x64\wxe.exe" /INCREMENTAL /NOLOGO Imm32.Lib Htmlhelp.Lib kernel32.lib user32.lib gdi32.lib winspool.lib comdlg32.lib advapi32.lib shell32.lib ole32.lib oleaut32.lib uuid.lib odbc32.lib odbccp32.lib /MANIFEST /MANIFESTUAC:"level='asInvoker' uiAccess='false'" /manifest:embed /DEBUG:FASTLINK /PDB:"Debug\x64\wxe.pdb" /MAP /SUBSYSTEM:WINDOWS /STACK:"4194304" /TLBID:1 /DYNAMICBASE /NXCOMPAT /IMPLIB:"Debug\x64\wxe.lib" /MACHINE:X64 Debug\x64\wxe.res
         Debug\x64\u3270.obj
         Debug\x64\u32702.obj
         Debug\x64\u32703.obj
         Debug\x64\uabend.obj
         Debug\x64\ualloc.obj
         Debug\x64\ucalc.obj
         Debug\x64\ucalc2.obj
         Debug\x64\ucvebc.obj
         Debug\x64\ucvebc2.obj
         Debug\x64\ucvebc3.obj
         Debug\x64\ucvebc32.obj
         Debug\x64\ucvebc4.obj
         Debug\x64\ucvebct.obj
         Debug\x64\ucvext.obj
         Debug\x64\ucvext12.obj
         Debug\x64\ucvext2.obj
         Debug\x64\ucvucs.obj
         Debug\x64\ucvucst.obj
         Debug\x64\udbcschk.obj
         Debug\x64\udbcsck2.obj
         Debug\x64\udos.obj
         Debug\x64\udos2.obj
         Debug\x64\uedit.obj
         Debug\x64\uedit2.obj
         Debug\x64\uerr.obj
         Debug\x64\ufemsg.obj
         Debug\x64\ufile.obj
         Debug\x64\ufile12.obj
         Debug\x64\ufile1f.obj
         Debug\x64\ufile2.obj
         Debug\x64\ufile2f.obj
         Debug\x64\ufile3.obj
         Debug\x64\ufile3f.obj
         Debug\x64\ufile4.obj
         Debug\x64\ufile5.obj
         Debug\x64\uftp.obj
         Debug\x64\uftp2.obj
         Debug\x64\uftp3.obj
         Debug\x64\ukbd.obj
         Debug\x64\ukbdw.obj
         Debug\x64\umiscf.obj
         Debug\x64\uparse.obj
         Debug\x64\uproc.obj
         Debug\x64\uproc2.obj
         Debug\x64\uproc22.obj
         Debug\x64\uproc3.obj
         Debug\x64\uproc4.obj
         Debug\x64\uque.obj
         Debug\x64\uregex.obj
         Debug\x64\ustring.obj
         Debug\x64\utf.obj
         Debug\x64\utf2.obj
         Debug\x64\utf22.obj
         Debug\x64\utf3.obj
         Debug\x64\utf4.obj
         Debug\x64\utrace.obj
         Debug\x64\uvio.obj
         Debug\x64\uvio2.obj
         Debug\x64\uviom.obj
         Debug\x64\uwinsub.obj
         Debug\x64\xe.obj
         Debug\x64\xecalc.obj
         Debug\x64\xecalc2.obj
         Debug\x64\xecalc21.obj
         Debug\x64\xecalc22.obj
         Debug\x64\xecalc3.obj
         Debug\x64\xecap.obj
         Debug\x64\xecap2.obj
         Debug\x64\xechar.obj
         Debug\x64\xechar12.obj
         Debug\x64\xechar13.obj
         Debug\x64\xechar2.obj
         Debug\x64\xecsr.obj
         Debug\x64\xedcmd.obj
         Debug\x64\xedcmd2.obj
         Debug\x64\xedcmd3.obj
         Debug\x64\xedcmd4.obj
         Debug\x64\xedir.obj
         Debug\x64\xedir2.obj
         Debug\x64\xedir3.obj
         Debug\x64\xedir4.obj
         Debug\x64\xedlcmd.obj
         Debug\x64\xedlcmd2.obj
         Debug\x64\xedlcmd3.obj
         Debug\x64\xedlcmd4.obj
         Debug\x64\xedlcmd5.obj
         Debug\x64\xedlcmd6.obj
         Debug\x64\xeebc.obj
         Debug\x64\xeerr.obj
         Debug\x64\xefcmd.obj
         Debug\x64\xefcmd2.obj
         Debug\x64\xefcmd22.obj
         Debug\x64\xefcmd23.obj
         Debug\x64\xefcmd24.obj
         Debug\x64\xefcmd25.obj
         Debug\x64\xefcmd26.obj
         Debug\x64\xefcmd27.obj
         Debug\x64\xefcmd3.obj
         Debug\x64\xefcmd4.obj
         Debug\x64\xefcmd42.obj
         Debug\x64\xefcmd43.obj
         Debug\x64\xefcmd5.obj
         Debug\x64\xefcmd6.obj
         Debug\x64\xefile.obj
         Debug\x64\xefile12.obj
         Debug\x64\xefile13.obj
         Debug\x64\xefile14.obj
         Debug\x64\xefile15.obj
         Debug\x64\xefile2.obj
         Debug\x64\xefile22.obj
         Debug\x64\xefile23.obj
         Debug\x64\xefile3.obj
         Debug\x64\xefile4.obj
         Debug\x64\xefile42.obj
         Debug\x64\xefile43.obj
         Debug\x64\xefile5.obj
         Debug\x64\xefile6.obj
         Debug\x64\xefile7.obj
         Debug\x64\xefsub.obj
         Debug\x64\xeftp.obj
         Debug\x64\xefunc.obj
         Debug\x64\xefunc2.obj
         Debug\x64\xefunct.obj
         Debug\x64\xefunct2.obj
         Debug\x64\xegbl.obj
         Debug\x64\xeini.obj
         Debug\x64\xeini2.obj
         Debug\x64\xeini3.obj
         Debug\x64\xekbd.obj
         Debug\x64\xelcmd.obj
         Debug\x64\xelcmd2.obj
         Debug\x64\xelcmd3.obj
         Debug\x64\xelcmd4.obj
         Debug\x64\xelcmd5.obj
         Debug\x64\xeopt.obj
         Debug\x64\xeopt2.obj
         Debug\x64\xepan.obj
         Debug\x64\xepan2.obj
         Debug\x64\xepan22.obj
         Debug\x64\xepan23.obj
         Debug\x64\xepan24.obj
         Debug\x64\xepan3.obj
         Debug\x64\xescr.obj
         Debug\x64\xescr2.obj
         Debug\x64\xesub.obj
         Debug\x64\xesub2.obj
         Debug\x64\xesyn.obj
         Debug\x64\xesyn2.obj
         Debug\x64\xesyscmd.obj
         Debug\x64\xetso.obj
         Debug\x64\xetso2.obj
         Debug\x64\xeundo.obj
         Debug\x64\xeutf.obj
         Debug\x64\xeutf2.obj
         Debug\x64\MainFrm.obj
         Debug\x64\stdafx.obj
         Debug\x64\wxe.obj
         Debug\x64\wxedlg.obj
         Debug\x64\wxedoc.obj
         Debug\x64\wxefile.obj
         Debug\x64\wxekbd.obj
         Debug\x64\wxemain.obj
         Debug\x64\wxemouse.obj
         Debug\x64\wxepage.obj
         Debug\x64\wxeprt.obj
         Debug\x64\wxescr.obj
         Debug\x64\wxeview.obj
         Debug\x64\wxecsub.obj
         Debug\x64\wxecsub2.obj
         Debug\x64\wxexei.obj
         Debug\x64\wxexei2.obj
         Debug\x64\wxexei3.obj
         Debug\x64\ufilew.obj
         Debug\x64\ustrcpy.obj
         Debug\x64\xefsubw.obj
         Debug\x64\xefcmd7.obj
         wxe.vcxproj -> W:\MSVS2017CProjects\wxe\wxe\Debug\x64\wxe.exe
       FinalizeBuildStatus:
         ファイル "Debug\x64\wxe.tlog\unsuccessfulbuild" を削除しています。
         "Debug\x64\wxe.tlog\wxe.lastbuildstate" のタッチ タスクを実行しています。
     1>プロジェクト "W:\MSVS2017CProjects\wxe\wxe\wxe.vcxproj" (Build ターゲット) のビルドが完了しました。

ビルドに成功しました。
    0 個の警告
    0 エラー

経過時間 00:00:05.02
