2020/09/23 20:46:10 にビルドを開始しました。
     1>ノード 2 上のプロジェクト "W:\MSVS2017CProjects\wxe\wxe\wxe.vcxproj" (Rebuild ターゲット)。
     1>_PrepareForClean:
         ファイル "Release\x64\wxe.tlog\wxe.lastbuildstate" を削除しています。
       InitializeBuildStatus:
         "AlwaysCreate" が指定されたため "Release\x64\wxe.tlog\unsuccessfulbuild" を作成しています。
       ClCompile:
         C:\Program Files (x86)\Microsoft Visual Studio\2017\Community\VC\Tools\MSVC\14.16.27023\bin\HostX86\x64\CL.exe /c /nologo /W4 /WX- /diagnostics:classic /Od /Oy- /D NOTRACE /D WIN64 /D W32 /D WXE /D WXE17C /D UTF8SUPPH /D UTF8UCS2 /D UTF8EBCD /D NOMT_TRACE /D VC10EXP /D WIN10 /D _WINDOWS /D STRICT /D _ATL_ALLOW_CHAR_UNSIGNED /D NDEBUG /Gm- /EHsc /MT /GS /fp:precise /Zc:wchar_t /Zc:forScope /Zc:inline /Fo"Release\x64\\" /Fd"Release\x64\vc141.pdb" /Gd /TC /FC /errorReport:prompt /J /we4700  /w34701 /wd4100 /wd4214 /wd4057 /wd4996 /wd4706 /wd4210  /wd4244 /wd4055 /wd4152  /wd4996 /wd4245 /wd4127 /wd4131  /wd4267 /wd4366 g:\src\ulib\u3270.c g:\src\ulib\u32702.c g:\src\ulib\u32703.c g:\src\ulib\uabend.c g:\src\ulib\ualloc.c g:\src\ulib\ucalc.c g:\src\ulib\ucalc2.c g:\src\ulib\ucvebc.c g:\src\ulib\ucvebc2.c g:\src\ulib\ucvebc3.c g:\src\ulib\ucvebc32.c g:\src\ulib\ucvebc4.c g:\src\ulib\ucvebct.c g:\src\ulib\ucvext.c g:\src\ulib\ucvext12.c g:\src\ulib\ucvext2.c g:\src\ulib\ucvucs.c g:\src\ulib\ucvucst.c g:\src\ulib\udbcschk.c g:\src\ulib\udbcsck2.c g:\src\ulib\udos.c g:\src\ulib\udos2.c g:\src\ulib\uedit.c g:\src\ulib\uedit2.c g:\src\ulib\uerr.c g:\src\ulib\ufemsg.c g:\src\ulib\ufile.c g:\src\ulib\ufile12.c g:\src\ulib\ufile1f.c g:\src\ulib\ufile2.c g:\src\ulib\ufile2f.c g:\src\ulib\ufile3.c g:\src\ulib\ufile3f.c g:\src\ulib\ufile4.c g:\src\ulib\ufile5.c g:\src\ulib\uftp.c g:\src\ulib\uftp2.c g:\src\ulib\uftp3.c g:\src\ulib\ukbd.c g:\src\ulib\ukbdw.c g:\src\ulib\umiscf.c g:\src\ulib\uparse.c g:\src\ulib\uproc.c g:\src\ulib\uproc2.c g:\src\ulib\uproc22.c g:\src\ulib\uproc3.c g:\src\ulib\uproc4.c g:\src\ulib\uque.c g:\src\ulib\uregex.c g:\src\ulib\ustring.c g:\src\ulib\utf.c g:\src\ulib\utf2.c g:\src\ulib\utf22.c g:\src\ulib\utf3.c g:\src\ulib\utf4.c g:\src\ulib\utrace.c g:\src\ulib\uvio.c g:\src\ulib\uvio2.c g:\src\ulib\uviom.c g:\src\ulib\uwinsub.c g:\src\xe\xe.c g:\src\xe\xecalc.c g:\src\xe\xecalc2.c g:\src\xe\xecalc21.c g:\src\xe\xecalc22.c g:\src\xe\xecalc3.c g:\src\xe\xecap.c g:\src\xe\xecap2.c g:\src\xe\xechar.c g:\src\xe\xechar12.c g:\src\xe\xechar13.c g:\src\xe\xechar2.c g:\src\xe\xecsr.c g:\src\xe\xedcmd.c g:\src\xe\xedcmd2.c g:\src\xe\xedcmd3.c g:\src\xe\xedcmd4.c g:\src\xe\xedir.c g:\src\xe\xedir2.c g:\src\xe\xedir3.c g:\src\xe\xedir4.c g:\src\xe\xedlcmd.c g:\src\xe\xedlcmd2.c g:\src\xe\xedlcmd3.c g:\src\xe\xedlcmd4.c g:\src\xe\xedlcmd5.c g:\src\xe\xedlcmd6.c g:\src\xe\xeebc.c g:\src\xe\xeerr.c g:\src\xe\xefcmd.c g:\src\xe\xefcmd2.c g:\src\xe\xefcmd22.c g:\src\xe\xefcmd23.c g:\src\xe\xefcmd24.c g:\src\xe\xefcmd25.c g:\src\xe\xefcmd26.c g:\src\xe\xefcmd27.c g:\src\xe\xefcmd3.c g:\src\xe\xefcmd4.c g:\src\xe\xefcmd42.c g:\src\xe\xefcmd43.c g:\src\xe\xefcmd5.c g:\src\xe\xefcmd6.c g:\src\xe\xefile.c g:\src\xe\xefile12.c g:\src\xe\xefile13.c g:\src\xe\xefile14.c g:\src\xe\xefile15.c g:\src\xe\xefile2.c g:\src\xe\xefile22.c g:\src\xe\xefile23.c g:\src\xe\xefile3.c g:\src\xe\xefile4.c g:\src\xe\xefile42.c g:\src\xe\xefile43.c g:\src\xe\xefile5.c g:\src\xe\xefile6.c g:\src\xe\xefile7.c g:\src\xe\xefsub.c g:\src\xe\xeftp.c g:\src\xe\xefunc.c g:\src\xe\xefunc2.c g:\src\xe\xefunct.c g:\src\xe\xefunct2.c g:\src\xe\xegbl.c g:\src\xe\xeini.c g:\src\xe\xeini2.c g:\src\xe\xeini3.c g:\src\xe\xekbd.c g:\src\xe\xelcmd.c g:\src\xe\xelcmd2.c g:\src\xe\xelcmd3.c g:\src\xe\xelcmd4.c g:\src\xe\xelcmd5.c g:\src\xe\xeopt.c g:\src\xe\xeopt2.c g:\src\xe\xepan.c g:\src\xe\xepan2.c g:\src\xe\xepan22.c g:\src\xe\xepan23.c g:\src\xe\xepan24.c g:\src\xe\xepan3.c g:\src\xe\xescr.c g:\src\xe\xescr2.c g:\src\xe\xesub.c g:\src\xe\xesub2.c g:\src\xe\xesyn.c g:\src\xe\xesyn2.c g:\src\xe\xesyscmd.c g:\src\xe\xetso.c g:\src\xe\xetso2.c g:\src\xe\xeundo.c g:\src\xe\xeutf.c g:\src\xe\xeutf2.c g:\src\mfc\wxe2010\wxecsub.c g:\src\mfc\wxe2010\wxecsub2.c g:\src\mfc\wxe2010\wxexei.c g:\src\mfc\wxe2010\wxexei2.c g:\src\mfc\wxe2010\wxexei3.c g:\src\ulib\ufilew.c g:\src\ulib\ustrcpy.c g:\src\xe\xefsubw.c G:\src\xe\xefcmd7.c
         u3270.c
         u32702.c
         u32703.c
         uabend.c
         ualloc.c
         ucalc.c
         ucalc2.c
         ucvebc.c
         ucvebc2.c
         ucvebc3.c
         ucvebc32.c
         ucvebc4.c
         ucvebct.c
         ucvext.c
         ucvext12.c
         ucvext2.c
         ucvucs.c
         ucvucst.c
         udbcschk.c
         udbcsck2.c
         コードを生成中...
         コンパイル中...
         udos.c
         udos2.c
         uedit.c
         uedit2.c
         uerr.c
         ufemsg.c
         ufile.c
         ufile12.c
         ufile1f.c
         ufile2.c
         ufile2f.c
         ufile3.c
         ufile3f.c
         ufile4.c
         ufile5.c
         uftp.c
         uftp2.c
         uftp3.c
         ukbd.c
         ukbdw.c
         コードを生成中...
         コンパイル中...
         umiscf.c
         uparse.c
         uproc.c
         uproc2.c
         uproc22.c
         uproc3.c
         uproc4.c
         uque.c
         uregex.c
         ustring.c
         utf.c
         utf2.c
         utf22.c
         utf3.c
         utf4.c
         utrace.c
         uvio.c
         uvio2.c
         uviom.c
         uwinsub.c
         コードを生成中...
         コンパイル中...
         xe.c
         xecalc.c
         xecalc2.c
         xecalc21.c
         xecalc22.c
         xecalc3.c
         xecap.c
         xecap2.c
         xechar.c
         xechar12.c
         xechar13.c
         xechar2.c
         xecsr.c
         xedcmd.c
         xedcmd2.c
         xedcmd3.c
         xedcmd4.c
         xedir.c
         xedir2.c
         xedir3.c
         コードを生成中...
         コンパイル中...
         xedir4.c
         xedlcmd.c
         xedlcmd2.c
         xedlcmd3.c
         xedlcmd4.c
         xedlcmd5.c
         xedlcmd6.c
         xeebc.c
         xeerr.c
         xefcmd.c
         xefcmd2.c
         xefcmd22.c
         xefcmd23.c
         xefcmd24.c
         xefcmd25.c
         xefcmd26.c
         xefcmd27.c
         xefcmd3.c
         xefcmd4.c
         xefcmd42.c
         コードを生成中...
         コンパイル中...
         xefcmd43.c
         xefcmd5.c
         xefcmd6.c
         xefile.c
         xefile12.c
         xefile13.c
         xefile14.c
         xefile15.c
         xefile2.c
         xefile22.c
         xefile23.c
         xefile3.c
         xefile4.c
         xefile42.c
         xefile43.c
         xefile5.c
         xefile6.c
         xefile7.c
         xefsub.c
         xeftp.c
         コードを生成中...
         コンパイル中...
         xefunc.c
         xefunc2.c
         xefunct.c
         xefunct2.c
         xegbl.c
         xeini.c
         xeini2.c
         xeini3.c
         xekbd.c
         xelcmd.c
         xelcmd2.c
         xelcmd3.c
         xelcmd4.c
         xelcmd5.c
         xeopt.c
         xeopt2.c
         xepan.c
         xepan2.c
         xepan22.c
         xepan23.c
         コードを生成中...
         コンパイル中...
         xepan24.c
         xepan3.c
         xescr.c
         xescr2.c
         xesub.c
         xesub2.c
         xesyn.c
         xesyn2.c
         xesyscmd.c
         xetso.c
         xetso2.c
         xeundo.c
         xeutf.c
         xeutf2.c
         wxecsub.c
         wxecsub2.c
         wxexei.c
         wxexei2.c
         wxexei3.c
         ufilew.c
         コードを生成中...
         コンパイル中...
         ustrcpy.c
         xefsubw.c
         xefcmd7.c
         コードを生成中...
         C:\Program Files (x86)\Microsoft Visual Studio\2017\Community\VC\Tools\MSVC\14.16.27023\bin\HostX86\x64\CL.exe /c /nologo /W4 /WX- /diagnostics:classic /Od /Oy- /D NOTRACE /D WIN64 /D W32 /D WXE /D WXE17C /D UTF8SUPPH /D UTF8UCS2 /D UTF8EBCD /D NOMT_TRACE /D VC10EXP /D WIN10 /D _WINDOWS /D STRICT /D _ATL_ALLOW_CHAR_UNSIGNED /D NDEBUG /Gm- /EHsc /MT /GS /fp:precise /Zc:wchar_t /Zc:forScope /Zc:inline /Fo"Release\x64\\" /Fd"Release\x64\vc141.pdb" /Gd /TP /FC /errorReport:prompt /J /we4700  /w34701 /wd4100 /wd4214 /wd4057 /wd4996 /wd4706 /wd4210  /wd4244 /wd4055 /wd4152  /wd4996 /wd4245 /wd4127 /wd4131  /wd4267 /wd4366 g:\src\mfc\wxe2010\MainFrm.cpp g:\src\mfc\wxe2010\stdafx.cpp g:\src\mfc\wxe2010\wxe.cpp g:\src\mfc\wxe2010\wxedlg.cpp g:\src\mfc\wxe2010\wxedoc.cpp g:\src\mfc\wxe2010\wxefile.cpp g:\src\mfc\wxe2010\wxekbd.cpp g:\src\mfc\wxe2010\wxemain.cpp g:\src\mfc\wxe2010\wxemouse.cpp g:\src\mfc\wxe2010\wxepage.cpp g:\src\mfc\wxe2010\wxeprt.cpp g:\src\mfc\wxe2010\wxescr.cpp g:\src\mfc\wxe2010\wxeview.cpp
         MainFrm.cpp
         stdafx.cpp
         wxe.cpp
         wxedlg.cpp
         wxedoc.cpp
         wxefile.cpp
         wxekbd.cpp
         wxemain.cpp
         wxemouse.cpp
         wxepage.cpp
         wxeprt.cpp
         wxescr.cpp
         wxeview.cpp
         コードを生成中...
       ResourceCompile:
         C:\Program Files (x86)\Windows Kits\10\bin\10.0.15063.0\x86\rc.exe /D NDEBUG /l"0x0409" /IRelease\x64\ /nologo /fo"Release\x64\wxe.res" g:\src\mfc\wxe2010\wxe.rc 
       Link:
         C:\Program Files (x86)\Microsoft Visual Studio\2017\Community\VC\Tools\MSVC\14.16.27023\bin\HostX86\x64\link.exe /ERRORREPORT:PROMPT /OUT:"Release\x64\wxe.exe" /INCREMENTAL:NO /NOLOGO Htmlhelp.Lib Imm32.Lib kernel32.lib user32.lib gdi32.lib winspool.lib comdlg32.lib advapi32.lib shell32.lib ole32.lib oleaut32.lib uuid.lib odbc32.lib odbccp32.lib /MANIFEST /MANIFESTUAC:"level='asInvoker' uiAccess='false'" /manifest:embed /PDB:"Release\x64\wxe.pdb" /MAP /SUBSYSTEM:WINDOWS /STACK:"4194304" /TLBID:1 /DYNAMICBASE /NXCOMPAT /IMPLIB:"Release\x64\wxe.lib" /MACHINE:X64 Release\x64\wxe.res
         Release\x64\u3270.obj
         Release\x64\u32702.obj
         Release\x64\u32703.obj
         Release\x64\uabend.obj
         Release\x64\ualloc.obj
         Release\x64\ucalc.obj
         Release\x64\ucalc2.obj
         Release\x64\ucvebc.obj
         Release\x64\ucvebc2.obj
         Release\x64\ucvebc3.obj
         Release\x64\ucvebc32.obj
         Release\x64\ucvebc4.obj
         Release\x64\ucvebct.obj
         Release\x64\ucvext.obj
         Release\x64\ucvext12.obj
         Release\x64\ucvext2.obj
         Release\x64\ucvucs.obj
         Release\x64\ucvucst.obj
         Release\x64\udbcschk.obj
         Release\x64\udbcsck2.obj
         Release\x64\udos.obj
         Release\x64\udos2.obj
         Release\x64\uedit.obj
         Release\x64\uedit2.obj
         Release\x64\uerr.obj
         Release\x64\ufemsg.obj
         Release\x64\ufile.obj
         Release\x64\ufile12.obj
         Release\x64\ufile1f.obj
         Release\x64\ufile2.obj
         Release\x64\ufile2f.obj
         Release\x64\ufile3.obj
         Release\x64\ufile3f.obj
         Release\x64\ufile4.obj
         Release\x64\ufile5.obj
         Release\x64\uftp.obj
         Release\x64\uftp2.obj
         Release\x64\uftp3.obj
         Release\x64\ukbd.obj
         Release\x64\ukbdw.obj
         Release\x64\umiscf.obj
         Release\x64\uparse.obj
         Release\x64\uproc.obj
         Release\x64\uproc2.obj
         Release\x64\uproc22.obj
         Release\x64\uproc3.obj
         Release\x64\uproc4.obj
         Release\x64\uque.obj
         Release\x64\uregex.obj
         Release\x64\ustring.obj
         Release\x64\utf.obj
         Release\x64\utf2.obj
         Release\x64\utf22.obj
         Release\x64\utf3.obj
         Release\x64\utf4.obj
         Release\x64\utrace.obj
         Release\x64\uvio.obj
         Release\x64\uvio2.obj
         Release\x64\uviom.obj
         Release\x64\uwinsub.obj
         Release\x64\xe.obj
         Release\x64\xecalc.obj
         Release\x64\xecalc2.obj
         Release\x64\xecalc21.obj
         Release\x64\xecalc22.obj
         Release\x64\xecalc3.obj
         Release\x64\xecap.obj
         Release\x64\xecap2.obj
         Release\x64\xechar.obj
         Release\x64\xechar12.obj
         Release\x64\xechar13.obj
         Release\x64\xechar2.obj
         Release\x64\xecsr.obj
         Release\x64\xedcmd.obj
         Release\x64\xedcmd2.obj
         Release\x64\xedcmd3.obj
         Release\x64\xedcmd4.obj
         Release\x64\xedir.obj
         Release\x64\xedir2.obj
         Release\x64\xedir3.obj
         Release\x64\xedir4.obj
         Release\x64\xedlcmd.obj
         Release\x64\xedlcmd2.obj
         Release\x64\xedlcmd3.obj
         Release\x64\xedlcmd4.obj
         Release\x64\xedlcmd5.obj
         Release\x64\xedlcmd6.obj
         Release\x64\xeebc.obj
         Release\x64\xeerr.obj
         Release\x64\xefcmd.obj
         Release\x64\xefcmd2.obj
         Release\x64\xefcmd22.obj
         Release\x64\xefcmd23.obj
         Release\x64\xefcmd24.obj
         Release\x64\xefcmd25.obj
         Release\x64\xefcmd26.obj
         Release\x64\xefcmd27.obj
         Release\x64\xefcmd3.obj
         Release\x64\xefcmd4.obj
         Release\x64\xefcmd42.obj
         Release\x64\xefcmd43.obj
         Release\x64\xefcmd5.obj
         Release\x64\xefcmd6.obj
         Release\x64\xefile.obj
         Release\x64\xefile12.obj
         Release\x64\xefile13.obj
         Release\x64\xefile14.obj
         Release\x64\xefile15.obj
         Release\x64\xefile2.obj
         Release\x64\xefile22.obj
         Release\x64\xefile23.obj
         Release\x64\xefile3.obj
         Release\x64\xefile4.obj
         Release\x64\xefile42.obj
         Release\x64\xefile43.obj
         Release\x64\xefile5.obj
         Release\x64\xefile6.obj
         Release\x64\xefile7.obj
         Release\x64\xefsub.obj
         Release\x64\xeftp.obj
         Release\x64\xefunc.obj
         Release\x64\xefunc2.obj
         Release\x64\xefunct.obj
         Release\x64\xefunct2.obj
         Release\x64\xegbl.obj
         Release\x64\xeini.obj
         Release\x64\xeini2.obj
         Release\x64\xeini3.obj
         Release\x64\xekbd.obj
         Release\x64\xelcmd.obj
         Release\x64\xelcmd2.obj
         Release\x64\xelcmd3.obj
         Release\x64\xelcmd4.obj
         Release\x64\xelcmd5.obj
         Release\x64\xeopt.obj
         Release\x64\xeopt2.obj
         Release\x64\xepan.obj
         Release\x64\xepan2.obj
         Release\x64\xepan22.obj
         Release\x64\xepan23.obj
         Release\x64\xepan24.obj
         Release\x64\xepan3.obj
         Release\x64\xescr.obj
         Release\x64\xescr2.obj
         Release\x64\xesub.obj
         Release\x64\xesub2.obj
         Release\x64\xesyn.obj
         Release\x64\xesyn2.obj
         Release\x64\xesyscmd.obj
         Release\x64\xetso.obj
         Release\x64\xetso2.obj
         Release\x64\xeundo.obj
         Release\x64\xeutf.obj
         Release\x64\xeutf2.obj
         Release\x64\MainFrm.obj
         Release\x64\stdafx.obj
         Release\x64\wxe.obj
         Release\x64\wxedlg.obj
         Release\x64\wxedoc.obj
         Release\x64\wxefile.obj
         Release\x64\wxekbd.obj
         Release\x64\wxemain.obj
         Release\x64\wxemouse.obj
         Release\x64\wxepage.obj
         Release\x64\wxeprt.obj
         Release\x64\wxescr.obj
         Release\x64\wxeview.obj
         Release\x64\wxecsub.obj
         Release\x64\wxecsub2.obj
         Release\x64\wxexei.obj
         Release\x64\wxexei2.obj
         Release\x64\wxexei3.obj
         Release\x64\ufilew.obj
         Release\x64\ustrcpy.obj
         Release\x64\xefsubw.obj
         Release\x64\xefcmd7.obj
         wxe.vcxproj -> W:\MSVS2017CProjects\wxe\wxe\Release\x64\wxe.exe
       FinalizeBuildStatus:
         ファイル "Release\x64\wxe.tlog\unsuccessfulbuild" を削除しています。
         "Release\x64\wxe.tlog\wxe.lastbuildstate" のタッチ タスクを実行しています。
     1>プロジェクト "W:\MSVS2017CProjects\wxe\wxe\wxe.vcxproj" (Rebuild ターゲット) のビルドが完了しました。

ビルドに成功しました。
    0 個の警告
    0 エラー

経過時間 00:01:01.71
