TRACE START AT 2017/06/11 pid=7864
= 21:41:59.933 = 
= 21:41:59.933 = udbcschk_setlocale parm=(null),out=Japanese_Japan.932,env=Japanese_Japan.932
= 21:41:59.933 = udbcschk_wcinit opt=8000
= 21:41:59.933 = wcinit sw=0 opt=8000,locale=(null)
= 21:41:59.933 = udbcschk_setlocale parm=,out=Japanese_Japan.932,env=Japanese_Japan.932
= 21:41:59.933 = GetLocaleInfo rc=4,err=183,ret=932
= 21:41:59.933 = consoleCP=932,GetLocaleInfo=932
= 21:41:59.933 = getcpinfo cp=932
= 21:41:59.933 = udbcschk_getcpinfo-1757 cpinfo: ;ADDR=0000000000D402F0 LEN=011C(  284)
0000000000D402F0  02000000 3F00819F E0FC0000 00000000  *....?.◆珱......*
0000000000D40300  0000FB30 A4030000 39333220 20202841  *...0､...932   (A*
0000000000D40310  4E53492F 4F454D20 2D2093FA 967B8CEA  *NSI/OEM - 日本語*
0000000000D40320  20536869 66742D4A 49532900 CCCCCCCC  * Shift-JIS).ﾌﾌﾌﾌ*
0000000000D40330  CCCCCCCC CCCCCCCC CCCCCCCC CCCCCCCC  *ﾌﾌﾌﾌﾌﾌﾌﾌﾌﾌﾌﾌﾌﾌﾌﾌ*
                0000000000D40340 to 0000000000D403FF is same as above
0000000000D40400  CCCCCCCC CCCCCCCC CCCCCCCC           *ﾌﾌﾌﾌﾌﾌﾌﾌﾌﾌﾌﾌ    *
= 21:41:59.933 = cpinfo rc=0,lasterr=0
= 21:41:59.933 = utfcvsetdefaultlocale ret 932   (ANSI/OEM - 日本語 Shift-JIS)
= 21:41:59.933 = GetLocaleInfo rc=4,err=0,ret=932
= 21:41:59.933 = consoleCP=932,GetLocaleInfo=932
= 21:41:59.933 = getcpinfo cp=932
= 21:41:59.933 = udbcschk_getcpinfo-1757 cpinfo: ;ADDR=00007FF77DF842B0 LEN=011C(  284)
00007FF77DF842B0  02000000 3F00819F E0FC0000 00000000  *....?.◆珱......*
00007FF77DF842C0  0000FB30 A4030000 39333220 20202841  *...0､...932   (A*
00007FF77DF842D0  4E53492F 4F454D20 2D2093FA 967B8CEA  *NSI/OEM - 日本語*
00007FF77DF842E0  20536869 66742D4A 49532900 00000000  * Shift-JIS).....*
00007FF77DF842F0  00000000 00000000 00000000 00000000  *................*
                00007FF77DF84300 to 00007FF77DF843BF is same as above
00007FF77DF843C0  00000000 00000000 00000000           *............    *
= 21:41:59.933 = cpinfo rc=0,lasterr=0
= 21:41:59.933 = GetLocaleInfo rc=4,err=0,ret=932
= 21:41:59.933 = consoleCP=932,GetLocaleInfo=932
= 21:41:59.933 = udbcschkcp Scodepage=932
= 21:41:59.933 = setupprintable ii=0, rc=1,isprint=0,iswprint=0
= 21:41:59.933 = setupprintable ii=1, rc=2,isprint=0,iswprint=0
= 21:41:59.933 = setupprintable ii=2, rc=3,isprint=0,iswprint=0
= 21:41:59.933 = setupprintable ii=3, rc=4,isprint=0,iswprint=0
= 21:41:59.933 = setupprintable ii=4, rc=5,isprint=0,iswprint=0
= 21:41:59.933 = setupprintable ii=5, rc=6,isprint=0,iswprint=0
= 21:41:59.933 = setupprintable ii=6, rc=7,isprint=0,iswprint=0
= 21:41:59.933 = setupprintable ii=7, rc=8,isprint=0,iswprint=0
= 21:41:59.933 = setupprintable ii=8, rc=9,isprint=0,iswprint=0
= 21:41:59.933 = setupprintable ii=9, rc=9,isprint=40,iswprint=64
= 21:41:59.933 = setupprintable ii=a, rc=10,isprint=0,iswprint=0
= 21:41:59.933 = setupprintable ii=b, rc=11,isprint=0,iswprint=0
= 21:41:59.933 = setupprintable ii=c, rc=12,isprint=0,iswprint=0
= 21:41:59.933 = setupprintable ii=d, rc=13,isprint=0,iswprint=0
= 21:41:59.933 = setupprintable ii=e, rc=14,isprint=0,iswprint=0
= 21:41:59.933 = setupprintable ii=f, rc=15,isprint=0,iswprint=0
= 21:41:59.933 = setupprintable ii=10, rc=16,isprint=0,iswprint=0
= 21:41:59.933 = setupprintable ii=11, rc=17,isprint=0,iswprint=0
= 21:41:59.933 = setupprintable ii=12, rc=18,isprint=0,iswprint=0
= 21:41:59.933 = setupprintable ii=13, rc=19,isprint=0,iswprint=0
= 21:41:59.933 = setupprintable ii=14, rc=20,isprint=0,iswprint=0
= 21:41:59.933 = setupprintable ii=15, rc=21,isprint=0,iswprint=0
= 21:41:59.933 = setupprintable ii=16, rc=22,isprint=0,iswprint=0
= 21:41:59.933 = setupprintable ii=17, rc=23,isprint=0,iswprint=0
= 21:41:59.933 = setupprintable ii=18, rc=24,isprint=0,iswprint=0
= 21:41:59.933 = setupprintable ii=19, rc=25,isprint=0,iswprint=0
= 21:41:59.933 = setupprintable ii=1a, rc=26,isprint=0,iswprint=0
= 21:41:59.933 = setupprintable ii=1b, rc=27,isprint=0,iswprint=0
= 21:41:59.933 = setupprintable ii=1c, rc=28,isprint=0,iswprint=0
= 21:41:59.933 = setupprintable ii=1d, rc=29,isprint=0,iswprint=0
= 21:41:59.933 = setupprintable ii=1e, rc=30,isprint=0,iswprint=0
= 21:41:59.933 = setupprintable ii=1f, rc=31,isprint=0,iswprint=0
= 21:41:59.933 = setupprintable ii=20, rc=31,isprint=40,iswprint=64
= 21:41:59.933 = setupprintable ii=21, rc=31,isprint=10,iswprint=16
= 21:41:59.933 = setupprintable ii=22, rc=31,isprint=10,iswprint=16
= 21:41:59.933 = setupprintable ii=23, rc=31,isprint=10,iswprint=16
= 21:41:59.933 = setupprintable ii=24, rc=31,isprint=10,iswprint=16
= 21:41:59.933 = setupprintable ii=25, rc=31,isprint=10,iswprint=16
= 21:41:59.933 = setupprintable ii=26, rc=31,isprint=10,iswprint=16
= 21:41:59.933 = setupprintable ii=27, rc=31,isprint=10,iswprint=16
= 21:41:59.933 = setupprintable ii=28, rc=31,isprint=10,iswprint=16
= 21:41:59.933 = setupprintable ii=29, rc=31,isprint=10,iswprint=16
= 21:41:59.933 = setupprintable ii=2a, rc=31,isprint=10,iswprint=16
= 21:41:59.933 = setupprintable ii=2b, rc=31,isprint=10,iswprint=16
= 21:41:59.933 = setupprintable ii=2c, rc=31,isprint=10,iswprint=16
= 21:41:59.933 = setupprintable ii=2d, rc=31,isprint=10,iswprint=16
= 21:41:59.933 = setupprintable ii=2e, rc=31,isprint=10,iswprint=16
= 21:41:59.933 = setupprintable ii=2f, rc=31,isprint=10,iswprint=16
= 21:41:59.933 = setupprintable ii=30, rc=31,isprint=4,iswprint=4
= 21:41:59.933 = setupprintable ii=31, rc=31,isprint=4,iswprint=4
= 21:41:59.933 = setupprintable ii=32, rc=31,isprint=4,iswprint=4
= 21:41:59.933 = setupprintable ii=33, rc=31,isprint=4,iswprint=4
= 21:41:59.933 = setupprintable ii=34, rc=31,isprint=4,iswprint=4
= 21:41:59.933 = setupprintable ii=35, rc=31,isprint=4,iswprint=4
= 21:41:59.933 = setupprintable ii=36, rc=31,isprint=4,iswprint=4
= 21:41:59.933 = setupprintable ii=37, rc=31,isprint=4,iswprint=4
= 21:41:59.933 = setupprintable ii=38, rc=31,isprint=4,iswprint=4
= 21:41:59.933 = setupprintable ii=39, rc=31,isprint=4,iswprint=4
= 21:41:59.933 = setupprintable ii=3a, rc=31,isprint=10,iswprint=16
= 21:41:59.933 = setupprintable ii=3b, rc=31,isprint=10,iswprint=16
= 21:41:59.933 = setupprintable ii=3c, rc=31,isprint=10,iswprint=16
= 21:41:59.933 = setupprintable ii=3d, rc=31,isprint=10,iswprint=16
= 21:41:59.933 = setupprintable ii=3e, rc=31,isprint=10,iswprint=16
= 21:41:59.933 = setupprintable ii=3f, rc=31,isprint=10,iswprint=16
= 21:41:59.933 = setupprintable ii=40, rc=31,isprint=10,iswprint=16
= 21:41:59.933 = setupprintable ii=41, rc=31,isprint=101,iswprint=257
= 21:41:59.933 = setupprintable ii=42, rc=31,isprint=101,iswprint=257
= 21:41:59.933 = setupprintable ii=43, rc=31,isprint=101,iswprint=257
= 21:41:59.933 = setupprintable ii=44, rc=31,isprint=101,iswprint=257
= 21:41:59.933 = setupprintable ii=45, rc=31,isprint=101,iswprint=257
= 21:41:59.933 = setupprintable ii=46, rc=31,isprint=101,iswprint=257
= 21:41:59.933 = setupprintable ii=47, rc=31,isprint=101,iswprint=257
= 21:41:59.933 = setupprintable ii=48, rc=31,isprint=101,iswprint=257
= 21:41:59.933 = setupprintable ii=49, rc=31,isprint=101,iswprint=257
= 21:41:59.933 = setupprintable ii=4a, rc=31,isprint=101,iswprint=257
= 21:41:59.933 = setupprintable ii=4b, rc=31,isprint=101,iswprint=257
= 21:41:59.933 = setupprintable ii=4c, rc=31,isprint=101,iswprint=257
= 21:41:59.933 = setupprintable ii=4d, rc=31,isprint=101,iswprint=257
= 21:41:59.933 = setupprintable ii=4e, rc=31,isprint=101,iswprint=257
= 21:41:59.933 = setupprintable ii=4f, rc=31,isprint=101,iswprint=257
= 21:41:59.933 = setupprintable ii=50, rc=31,isprint=101,iswprint=257
= 21:41:59.933 = setupprintable ii=51, rc=31,isprint=101,iswprint=257
= 21:41:59.933 = setupprintable ii=52, rc=31,isprint=101,iswprint=257
= 21:41:59.933 = setupprintable ii=53, rc=31,isprint=101,iswprint=257
= 21:41:59.933 = setupprintable ii=54, rc=31,isprint=101,iswprint=257
= 21:41:59.933 = setupprintable ii=55, rc=31,isprint=101,iswprint=257
= 21:41:59.933 = setupprintable ii=56, rc=31,isprint=101,iswprint=257
= 21:41:59.933 = setupprintable ii=57, rc=31,isprint=101,iswprint=257
= 21:41:59.933 = setupprintable ii=58, rc=31,isprint=101,iswprint=257
= 21:41:59.933 = setupprintable ii=59, rc=31,isprint=101,iswprint=257
= 21:41:59.933 = setupprintable ii=5a, rc=31,isprint=101,iswprint=257
= 21:41:59.933 = setupprintable ii=5b, rc=31,isprint=10,iswprint=16
= 21:41:59.933 = setupprintable ii=5c, rc=31,isprint=10,iswprint=16
= 21:41:59.933 = setupprintable ii=5d, rc=31,isprint=10,iswprint=16
= 21:41:59.933 = setupprintable ii=5e, rc=31,isprint=10,iswprint=16
= 21:41:59.933 = setupprintable ii=5f, rc=31,isprint=10,iswprint=16
= 21:41:59.933 = setupprintable ii=60, rc=31,isprint=10,iswprint=16
= 21:41:59.933 = setupprintable ii=61, rc=31,isprint=102,iswprint=258
= 21:41:59.933 = setupprintable ii=62, rc=31,isprint=102,iswprint=258
= 21:41:59.933 = setupprintable ii=63, rc=31,isprint=102,iswprint=258
= 21:41:59.933 = setupprintable ii=64, rc=31,isprint=102,iswprint=258
= 21:41:59.933 = setupprintable ii=65, rc=31,isprint=102,iswprint=258
= 21:41:59.933 = setupprintable ii=66, rc=31,isprint=102,iswprint=258
= 21:41:59.933 = setupprintable ii=67, rc=31,isprint=102,iswprint=258
= 21:41:59.933 = setupprintable ii=68, rc=31,isprint=102,iswprint=258
= 21:41:59.933 = setupprintable ii=69, rc=31,isprint=102,iswprint=258
= 21:41:59.933 = setupprintable ii=6a, rc=31,isprint=102,iswprint=258
= 21:41:59.933 = setupprintable ii=6b, rc=31,isprint=102,iswprint=258
= 21:41:59.933 = setupprintable ii=6c, rc=31,isprint=102,iswprint=258
= 21:41:59.933 = setupprintable ii=6d, rc=31,isprint=102,iswprint=258
= 21:41:59.933 = setupprintable ii=6e, rc=31,isprint=102,iswprint=258
= 21:41:59.933 = setupprintable ii=6f, rc=31,isprint=102,iswprint=258
= 21:41:59.933 = setupprintable ii=70, rc=31,isprint=102,iswprint=258
= 21:41:59.933 = setupprintable ii=71, rc=31,isprint=102,iswprint=258
= 21:41:59.933 = setupprintable ii=72, rc=31,isprint=102,iswprint=258
= 21:41:59.933 = setupprintable ii=73, rc=31,isprint=102,iswprint=258
= 21:41:59.933 = setupprintable ii=74, rc=31,isprint=102,iswprint=258
= 21:41:59.933 = setupprintable ii=75, rc=31,isprint=102,iswprint=258
= 21:41:59.933 = setupprintable ii=76, rc=31,isprint=102,iswprint=258
= 21:41:59.933 = setupprintable ii=77, rc=31,isprint=102,iswprint=258
= 21:41:59.933 = setupprintable ii=78, rc=31,isprint=102,iswprint=258
= 21:41:59.933 = setupprintable ii=79, rc=31,isprint=102,iswprint=258
= 21:41:59.933 = setupprintable ii=7a, rc=31,isprint=102,iswprint=258
= 21:41:59.933 = setupprintable ii=7b, rc=31,isprint=10,iswprint=16
= 21:41:59.933 = setupprintable ii=7c, rc=31,isprint=10,iswprint=16
= 21:41:59.933 = setupprintable ii=7d, rc=31,isprint=10,iswprint=16
= 21:41:59.933 = setupprintable ii=7e, rc=31,isprint=10,iswprint=16
= 21:41:59.933 = setupprintable ii=7f, rc=32,isprint=0,iswprint=0
= 21:41:59.933 = setupprintable ii=80, rc=33,isprint=0,iswprint=0
= 21:41:59.933 = setupprintable ii=81, rc=34,isprint=0,iswprint=0
= 21:41:59.933 = setupprintable ii=82, rc=35,isprint=0,iswprint=0
= 21:41:59.933 = setupprintable ii=83, rc=36,isprint=0,iswprint=0
= 21:41:59.933 = setupprintable ii=84, rc=37,isprint=0,iswprint=0
= 21:41:59.933 = setupprintable ii=85, rc=38,isprint=0,iswprint=0
= 21:41:59.933 = setupprintable ii=86, rc=39,isprint=0,iswprint=0
= 21:41:59.933 = setupprintable ii=87, rc=40,isprint=0,iswprint=0
= 21:41:59.933 = setupprintable ii=88, rc=41,isprint=0,iswprint=0
= 21:41:59.933 = setupprintable ii=89, rc=42,isprint=0,iswprint=0
= 21:41:59.933 = setupprintable ii=8a, rc=43,isprint=0,iswprint=0
= 21:41:59.933 = setupprintable ii=8b, rc=44,isprint=0,iswprint=0
= 21:41:59.933 = setupprintable ii=8c, rc=45,isprint=0,iswprint=0
= 21:41:59.933 = setupprintable ii=8d, rc=46,isprint=0,iswprint=0
= 21:41:59.933 = setupprintable ii=8e, rc=47,isprint=0,iswprint=0
= 21:41:59.933 = setupprintable ii=8f, rc=48,isprint=0,iswprint=0
= 21:41:59.933 = setupprintable ii=90, rc=49,isprint=0,iswprint=0
= 21:41:59.933 = setupprintable ii=91, rc=50,isprint=0,iswprint=0
= 21:41:59.933 = setupprintable ii=92, rc=51,isprint=0,iswprint=0
= 21:41:59.933 = setupprintable ii=93, rc=52,isprint=0,iswprint=0
= 21:41:59.933 = setupprintable ii=94, rc=53,isprint=0,iswprint=0
= 21:41:59.933 = setupprintable ii=95, rc=54,isprint=0,iswprint=0
= 21:41:59.933 = setupprintable ii=96, rc=55,isprint=0,iswprint=0
= 21:41:59.933 = setupprintable ii=97, rc=56,isprint=0,iswprint=0
= 21:41:59.933 = setupprintable ii=98, rc=57,isprint=0,iswprint=0
= 21:41:59.933 = setupprintable ii=99, rc=58,isprint=0,iswprint=0
= 21:41:59.933 = setupprintable ii=9a, rc=59,isprint=0,iswprint=0
= 21:41:59.933 = setupprintable ii=9b, rc=60,isprint=0,iswprint=0
= 21:41:59.933 = setupprintable ii=9c, rc=61,isprint=0,iswprint=0
= 21:41:59.933 = setupprintable ii=9d, rc=62,isprint=0,iswprint=0
= 21:41:59.933 = setupprintable ii=9e, rc=63,isprint=0,iswprint=0
= 21:41:59.933 = setupprintable ii=9f, rc=64,isprint=0,iswprint=0
= 21:41:59.933 = setupprintable ii=a0, rc=64,isprint=0,iswprint=64
= 21:41:59.933 = setupprintable ii=a1, rc=64,isprint=10,iswprint=16
= 21:41:59.933 = setupprintable ii=a2, rc=64,isprint=10,iswprint=16
= 21:41:59.933 = setupprintable ii=a3, rc=64,isprint=10,iswprint=16
= 21:41:59.933 = setupprintable ii=a4, rc=64,isprint=10,iswprint=16
= 21:41:59.933 = setupprintable ii=a5, rc=64,isprint=10,iswprint=16
= 21:41:59.933 = setupprintable ii=a6, rc=64,isprint=100,iswprint=16
= 21:41:59.933 = setupprintable ii=a7, rc=64,isprint=100,iswprint=16
= 21:41:59.933 = setupprintable ii=a8, rc=64,isprint=100,iswprint=16
= 21:41:59.933 = setupprintable ii=a9, rc=64,isprint=100,iswprint=16
= 21:41:59.933 = setupprintable ii=aa, rc=64,isprint=100,iswprint=16
= 21:41:59.933 = setupprintable ii=ab, rc=64,isprint=100,iswprint=16
= 21:41:59.933 = setupprintable ii=ac, rc=64,isprint=100,iswprint=16
= 21:41:59.933 = setupprintable ii=ad, rc=64,isprint=100,iswprint=16
= 21:41:59.933 = setupprintable ii=ae, rc=64,isprint=100,iswprint=16
= 21:41:59.933 = setupprintable ii=af, rc=64,isprint=100,iswprint=16
= 21:41:59.933 = setupprintable ii=b0, rc=64,isprint=100,iswprint=16
= 21:41:59.933 = setupprintable ii=b1, rc=64,isprint=100,iswprint=16
= 21:41:59.933 = setupprintable ii=b2, rc=64,isprint=100,iswprint=20
= 21:41:59.933 = setupprintable ii=b3, rc=64,isprint=100,iswprint=20
= 21:41:59.933 = setupprintable ii=b4, rc=64,isprint=100,iswprint=16
= 21:41:59.933 = setupprintable ii=b5, rc=64,isprint=100,iswprint=16
= 21:41:59.933 = setupprintable ii=b6, rc=64,isprint=100,iswprint=16
= 21:41:59.933 = setupprintable ii=b7, rc=64,isprint=100,iswprint=16
= 21:41:59.933 = setupprintable ii=b8, rc=64,isprint=100,iswprint=16
= 21:41:59.933 = setupprintable ii=b9, rc=64,isprint=100,iswprint=20
= 21:41:59.933 = setupprintable ii=ba, rc=64,isprint=100,iswprint=16
= 21:41:59.933 = setupprintable ii=bb, rc=64,isprint=100,iswprint=16
= 21:41:59.933 = setupprintable ii=bc, rc=64,isprint=100,iswprint=16
= 21:41:59.933 = setupprintable ii=bd, rc=64,isprint=100,iswprint=16
= 21:41:59.933 = setupprintable ii=be, rc=64,isprint=100,iswprint=16
= 21:41:59.933 = setupprintable ii=bf, rc=64,isprint=100,iswprint=16
= 21:41:59.933 = setupprintable ii=c0, rc=64,isprint=100,iswprint=257
= 21:41:59.933 = setupprintable ii=c1, rc=64,isprint=100,iswprint=257
= 21:41:59.933 = setupprintable ii=c2, rc=64,isprint=100,iswprint=257
= 21:41:59.933 = setupprintable ii=c3, rc=64,isprint=100,iswprint=257
= 21:41:59.933 = setupprintable ii=c4, rc=64,isprint=100,iswprint=257
= 21:41:59.933 = setupprintable ii=c5, rc=64,isprint=100,iswprint=257
= 21:41:59.933 = setupprintable ii=c6, rc=64,isprint=100,iswprint=257
= 21:41:59.933 = setupprintable ii=c7, rc=64,isprint=100,iswprint=257
= 21:41:59.933 = setupprintable ii=c8, rc=64,isprint=100,iswprint=257
= 21:41:59.933 = setupprintable ii=c9, rc=64,isprint=100,iswprint=257
= 21:41:59.933 = setupprintable ii=ca, rc=64,isprint=100,iswprint=257
= 21:41:59.933 = setupprintable ii=cb, rc=64,isprint=100,iswprint=257
= 21:41:59.933 = setupprintable ii=cc, rc=64,isprint=100,iswprint=257
= 21:41:59.933 = setupprintable ii=cd, rc=64,isprint=100,iswprint=257
= 21:41:59.933 = setupprintable ii=ce, rc=64,isprint=100,iswprint=257
= 21:41:59.933 = setupprintable ii=cf, rc=64,isprint=100,iswprint=257
= 21:41:59.933 = setupprintable ii=d0, rc=64,isprint=100,iswprint=257
= 21:41:59.933 = setupprintable ii=d1, rc=64,isprint=100,iswprint=257
= 21:41:59.933 = setupprintable ii=d2, rc=64,isprint=100,iswprint=257
= 21:41:59.933 = setupprintable ii=d3, rc=64,isprint=100,iswprint=257
= 21:41:59.933 = setupprintable ii=d4, rc=64,isprint=100,iswprint=257
= 21:41:59.933 = setupprintable ii=d5, rc=64,isprint=100,iswprint=257
= 21:41:59.933 = setupprintable ii=d6, rc=64,isprint=100,iswprint=257
= 21:41:59.933 = setupprintable ii=d7, rc=64,isprint=100,iswprint=16
= 21:41:59.933 = setupprintable ii=d8, rc=64,isprint=100,iswprint=257
= 21:41:59.933 = setupprintable ii=d9, rc=64,isprint=100,iswprint=257
= 21:41:59.933 = setupprintable ii=da, rc=64,isprint=100,iswprint=257
= 21:41:59.933 = setupprintable ii=db, rc=64,isprint=100,iswprint=257
= 21:41:59.933 = setupprintable ii=dc, rc=64,isprint=100,iswprint=257
= 21:41:59.933 = setupprintable ii=dd, rc=64,isprint=100,iswprint=257
= 21:41:59.933 = setupprintable ii=de, rc=64,isprint=100,iswprint=257
= 21:41:59.933 = setupprintable ii=df, rc=64,isprint=100,iswprint=258
= 21:41:59.933 = setupprintable ii=e0, rc=64,isprint=0,iswprint=258
= 21:41:59.933 = setupprintable ii=e1, rc=64,isprint=0,iswprint=258
= 21:41:59.933 = setupprintable ii=e2, rc=64,isprint=0,iswprint=258
= 21:41:59.933 = setupprintable ii=e3, rc=64,isprint=0,iswprint=258
= 21:41:59.933 = setupprintable ii=e4, rc=64,isprint=0,iswprint=258
= 21:41:59.933 = setupprintable ii=e5, rc=64,isprint=0,iswprint=258
= 21:41:59.933 = setupprintable ii=e6, rc=64,isprint=0,iswprint=258
= 21:41:59.933 = setupprintable ii=e7, rc=64,isprint=0,iswprint=258
= 21:41:59.933 = setupprintable ii=e8, rc=64,isprint=0,iswprint=258
= 21:41:59.933 = setupprintable ii=e9, rc=64,isprint=0,iswprint=258
= 21:41:59.933 = setupprintable ii=ea, rc=64,isprint=0,iswprint=258
= 21:41:59.933 = setupprintable ii=eb, rc=64,isprint=0,iswprint=258
= 21:41:59.933 = setupprintable ii=ec, rc=64,isprint=0,iswprint=258
= 21:41:59.933 = setupprintable ii=ed, rc=64,isprint=0,iswprint=258
= 21:41:59.933 = setupprintable ii=ee, rc=64,isprint=0,iswprint=258
= 21:41:59.933 = setupprintable ii=ef, rc=64,isprint=0,iswprint=258
= 21:41:59.933 = setupprintable ii=f0, rc=64,isprint=0,iswprint=258
= 21:41:59.933 = setupprintable ii=f1, rc=64,isprint=0,iswprint=258
= 21:41:59.933 = setupprintable ii=f2, rc=64,isprint=0,iswprint=258
= 21:41:59.933 = setupprintable ii=f3, rc=64,isprint=0,iswprint=258
= 21:41:59.933 = setupprintable ii=f4, rc=64,isprint=0,iswprint=258
= 21:41:59.933 = setupprintable ii=f5, rc=64,isprint=0,iswprint=258
= 21:41:59.933 = setupprintable ii=f6, rc=64,isprint=0,iswprint=258
= 21:41:59.933 = setupprintable ii=f7, rc=64,isprint=0,iswprint=16
= 21:41:59.933 = setupprintable ii=f8, rc=64,isprint=0,iswprint=258
= 21:41:59.933 = setupprintable ii=f9, rc=64,isprint=0,iswprint=258
= 21:41:59.933 = setupprintable ii=fa, rc=64,isprint=0,iswprint=258
= 21:41:59.933 = setupprintable ii=fb, rc=64,isprint=0,iswprint=258
= 21:41:59.933 = setupprintable ii=fc, rc=64,isprint=0,iswprint=258
= 21:41:59.933 = setupprintable ii=fd, rc=64,isprint=0,iswprint=258
= 21:41:59.933 = setupprintable ii=fe, rc=64,isprint=0,iswprint=258
= 21:41:59.933 = setupprintable ii=ff, rc=64,isprint=0,iswprint=258
= 21:41:59.933 = setunprintable by locale=Japanese_Japan.932
= 21:41:59.933 = udbcschk_setunprintable- 520 dbcstbl: ;ADDR=00007FF77DF843E0 LEN=0100(  256)
00007FF77DF843E0  02020202 02020202 02000202 02020202  *................*
00007FF77DF843F0  02020202 02020202 02020202 02020202  *................*
00007FF77DF84400  00000000 00000000 00000000 00000000  *................*
                00007FF77DF84410 to 00007FF77DF8444F is same as above
00007FF77DF84450  00000000 00000000 00000000 00000002  *................*
00007FF77DF84460  02030303 03030303 03030303 03030303  *................*
00007FF77DF84470  03030303 03030303 03030303 03030303  *................*
00007FF77DF84480  00000000 00000000 00000000 00000000  *................*
                00007FF77DF84490 to 00007FF77DF844BF is same as above
00007FF77DF844C0  01010101 01010101 01010101 01010101  *................*
00007FF77DF844D0  01010101 01010101 01010101 01000000  *................*
= 21:41:59.933 = udbcschk_wclocaleinit rc=0, udbcschkflag=00040822,system locale=Japanese_Japan.932
= 21:41:59.933 = udbcschk_wclocaleinit- 584 udbcschk_wclocaleinit dbcstbl: ;ADDR=00007FF77DF843E0 LEN=0100(  256)
00007FF77DF843E0  02020202 02020202 02000202 02020202  *................*
00007FF77DF843F0  02020202 02020202 02020202 02020202  *................*
00007FF77DF84400  00000000 00000000 00000000 00000000  *................*
                00007FF77DF84410 to 00007FF77DF8444F is same as above
00007FF77DF84450  00000000 00000000 00000000 00000002  *................*
00007FF77DF84460  02030303 03030303 03030303 03030303  *................*
00007FF77DF84470  03030303 03030303 03030303 03030303  *................*
00007FF77DF84480  00000000 00000000 00000000 00000000  *................*
                00007FF77DF84490 to 00007FF77DF844BF is same as above
00007FF77DF844C0  01010101 01010101 01010101 01010101  *................*
00007FF77DF844D0  01010101 01010101 01010101 01000000  *................*
= 21:41:59.933 = utfcvlocaleinit Scodepage=932,locale=932   (ANSI/OEM - 日本語 Shift-JIS)
= 21:41:59.933 = udbcschk_wcinit rc=1, udbcschkflag=00040822
= 21:41:59.933 = udbcschk_setlocale parm=(null),out=Japanese_Japan.932,env=Japanese_Japan.932
= 21:41:59.933 = udbcschk_wcinit rc=1, udbcschkflag=00040822,system locale=Japanese_Japan.932
= 21:41:59.933 = wcinit last locale=Japanese_Japan.932
= 21:41:59.933 = uerrmsg     - 691 errmsg: ;ADDR=00007FF77DF7ED70 LEN=0024(   36)
00007FF77DF7ED70  78657379 73636D64 3A737461 72746564  *xesyscmd:started*
00007FF77DF7ED80  20706964 3D373836 34287830 30303031  * pid=7864(x00001*
00007FF77DF7ED90  65623829                             *eb8)            *
= 21:41:59.933 = ustring_strncpy:memmove tgt=00007FF77DF3E810,src=00007FF77DF3E030,len=0xfff
