W:\msvs2010Projects\wxe\wxe\Release\cl.command.1.tlog
W:\msvs2010Projects\wxe\wxe\Release\CL.read.1.tlog
W:\msvs2010Projects\wxe\wxe\Release\CL.write.1.tlog
W:\msvs2010Projects\wxe\wxe\Release\link.command.1.tlog
W:\msvs2010Projects\wxe\wxe\Release\link.read.1.tlog
W:\msvs2010Projects\wxe\wxe\Release\link.write.1.tlog
W:\msvs2010Projects\wxe\wxe\Release\link-cvtres.read.1.tlog
W:\msvs2010Projects\wxe\wxe\Release\link-cvtres.write.1.tlog
W:\MSVS2010PROJECTS\WXE\WXE\RELEASE\MAINFRM.OBJ
W:\msvs2010Projects\wxe\wxe\Release\mt.command.1.tlog
W:\msvs2010Projects\wxe\wxe\Release\mt.read.1.tlog
W:\msvs2010Projects\wxe\wxe\Release\mt.write.1.tlog
W:\msvs2010Projects\wxe\wxe\Release\rc.command.1.tlog
W:\msvs2010Projects\wxe\wxe\Release\rc.read.1.tlog
W:\msvs2010Projects\wxe\wxe\Release\rc.write.1.tlog
W:\MSVS2010PROJECTS\WXE\WXE\RELEASE\STDAFX.OBJ
W:\MSVS2010PROJECTS\WXE\WXE\RELEASE\U3270.OBJ
W:\MSVS2010PROJECTS\WXE\WXE\RELEASE\U32702.OBJ
W:\MSVS2010PROJECTS\WXE\WXE\RELEASE\U32703.OBJ
W:\MSVS2010PROJECTS\WXE\WXE\RELEASE\UABEND.OBJ
W:\MSVS2010PROJECTS\WXE\WXE\RELEASE\UALLOC.OBJ
W:\MSVS2010PROJECTS\WXE\WXE\RELEASE\UCALC.OBJ
W:\MSVS2010PROJECTS\WXE\WXE\RELEASE\UCALC2.OBJ
W:\MSVS2010PROJECTS\WXE\WXE\RELEASE\UCVEBC.OBJ
W:\MSVS2010PROJECTS\WXE\WXE\RELEASE\UCVEBC2.OBJ
W:\MSVS2010PROJECTS\WXE\WXE\RELEASE\UCVEBC3.OBJ
W:\MSVS2010PROJECTS\WXE\WXE\RELEASE\UCVEBC32.OBJ
W:\MSVS2010PROJECTS\WXE\WXE\RELEASE\UCVEBC4.OBJ
W:\MSVS2010PROJECTS\WXE\WXE\RELEASE\UCVEBCT.OBJ
W:\MSVS2010PROJECTS\WXE\WXE\RELEASE\UCVEXT.OBJ
W:\MSVS2010PROJECTS\WXE\WXE\RELEASE\UCVEXT12.OBJ
W:\MSVS2010PROJECTS\WXE\WXE\RELEASE\UCVEXT2.OBJ
W:\MSVS2010PROJECTS\WXE\WXE\RELEASE\UCVUCS.OBJ
W:\MSVS2010PROJECTS\WXE\WXE\RELEASE\UCVUCST.OBJ
W:\MSVS2010PROJECTS\WXE\WXE\RELEASE\UDBCSCHK.OBJ
W:\MSVS2010PROJECTS\WXE\WXE\RELEASE\UDBCSCK2.OBJ
W:\MSVS2010PROJECTS\WXE\WXE\RELEASE\UDOS.OBJ
W:\MSVS2010PROJECTS\WXE\WXE\RELEASE\UDOS2.OBJ
W:\MSVS2010PROJECTS\WXE\WXE\RELEASE\UEDIT.OBJ
W:\MSVS2010PROJECTS\WXE\WXE\RELEASE\UEDIT2.OBJ
W:\MSVS2010PROJECTS\WXE\WXE\RELEASE\UERR.OBJ
W:\MSVS2010PROJECTS\WXE\WXE\RELEASE\UFEMSG.OBJ
W:\MSVS2010PROJECTS\WXE\WXE\RELEASE\UFILE.OBJ
W:\MSVS2010PROJECTS\WXE\WXE\RELEASE\UFILE12.OBJ
W:\MSVS2010PROJECTS\WXE\WXE\RELEASE\UFILE1F.OBJ
W:\MSVS2010PROJECTS\WXE\WXE\RELEASE\UFILE2.OBJ
W:\MSVS2010PROJECTS\WXE\WXE\RELEASE\UFILE2F.OBJ
W:\MSVS2010PROJECTS\WXE\WXE\RELEASE\UFILE3.OBJ
W:\MSVS2010PROJECTS\WXE\WXE\RELEASE\UFILE3F.OBJ
W:\MSVS2010PROJECTS\WXE\WXE\RELEASE\UFILE4.OBJ
W:\MSVS2010PROJECTS\WXE\WXE\RELEASE\UFILE5.OBJ
W:\MSVS2010PROJECTS\WXE\WXE\RELEASE\UFILEW.OBJ
W:\MSVS2010PROJECTS\WXE\WXE\RELEASE\UFTP.OBJ
W:\MSVS2010PROJECTS\WXE\WXE\RELEASE\UFTP2.OBJ
W:\MSVS2010PROJECTS\WXE\WXE\RELEASE\UFTP3.OBJ
W:\MSVS2010PROJECTS\WXE\WXE\RELEASE\UKBD.OBJ
W:\MSVS2010PROJECTS\WXE\WXE\RELEASE\UKBDW.OBJ
W:\MSVS2010PROJECTS\WXE\WXE\RELEASE\UMISCF.OBJ
W:\MSVS2010PROJECTS\WXE\WXE\RELEASE\UPARSE.OBJ
W:\MSVS2010PROJECTS\WXE\WXE\RELEASE\UPROC.OBJ
W:\MSVS2010PROJECTS\WXE\WXE\RELEASE\UPROC2.OBJ
W:\MSVS2010PROJECTS\WXE\WXE\RELEASE\UPROC22.OBJ
W:\MSVS2010PROJECTS\WXE\WXE\RELEASE\UPROC3.OBJ
W:\MSVS2010PROJECTS\WXE\WXE\RELEASE\UPROC4.OBJ
W:\MSVS2010PROJECTS\WXE\WXE\RELEASE\UQUE.OBJ
W:\MSVS2010PROJECTS\WXE\WXE\RELEASE\UREGEX.OBJ
W:\MSVS2010PROJECTS\WXE\WXE\RELEASE\USTRCPY.OBJ
W:\MSVS2010PROJECTS\WXE\WXE\RELEASE\USTRING.OBJ
W:\MSVS2010PROJECTS\WXE\WXE\RELEASE\UTF.OBJ
W:\MSVS2010PROJECTS\WXE\WXE\RELEASE\UTF2.OBJ
W:\MSVS2010PROJECTS\WXE\WXE\RELEASE\UTF22.OBJ
W:\MSVS2010PROJECTS\WXE\WXE\RELEASE\UTF3.OBJ
W:\MSVS2010PROJECTS\WXE\WXE\RELEASE\UTF4.OBJ
W:\MSVS2010PROJECTS\WXE\WXE\RELEASE\UTRACE.OBJ
W:\MSVS2010PROJECTS\WXE\WXE\RELEASE\UVIO.OBJ
W:\MSVS2010PROJECTS\WXE\WXE\RELEASE\UVIO2.OBJ
W:\MSVS2010PROJECTS\WXE\WXE\RELEASE\UVIOM.OBJ
W:\MSVS2010PROJECTS\WXE\WXE\RELEASE\UWINSUB.OBJ
W:\MSVS2010PROJECTS\WXE\WXE\RELEASE\WXE.EXE
W:\MSVS2010PROJECTS\WXE\WXE\RELEASE\WXE.EXE.INTERMEDIATE.MANIFEST
W:\MSVS2010PROJECTS\WXE\WXE\RELEASE\WXE.MAP
W:\MSVS2010PROJECTS\WXE\WXE\RELEASE\WXE.OBJ
W:\MSVS2010PROJECTS\WXE\WXE\RELEASE\WXE.RES
W:\msvs2010Projects\wxe\wxe\Release\wxe.write.1.tlog
W:\MSVS2010PROJECTS\WXE\WXE\RELEASE\WXECSUB.OBJ
W:\MSVS2010PROJECTS\WXE\WXE\RELEASE\WXECSUB2.OBJ
W:\MSVS2010PROJECTS\WXE\WXE\RELEASE\WXEDLG.OBJ
W:\MSVS2010PROJECTS\WXE\WXE\RELEASE\WXEDOC.OBJ
W:\MSVS2010PROJECTS\WXE\WXE\RELEASE\WXEFILE.OBJ
W:\MSVS2010PROJECTS\WXE\WXE\RELEASE\WXEKBD.OBJ
W:\MSVS2010PROJECTS\WXE\WXE\RELEASE\WXEMAIN.OBJ
W:\MSVS2010PROJECTS\WXE\WXE\RELEASE\WXEMOUSE.OBJ
W:\MSVS2010PROJECTS\WXE\WXE\RELEASE\WXEPAGE.OBJ
W:\MSVS2010PROJECTS\WXE\WXE\RELEASE\WXEPRT.OBJ
W:\MSVS2010PROJECTS\WXE\WXE\RELEASE\WXESCR.OBJ
W:\MSVS2010PROJECTS\WXE\WXE\RELEASE\WXEVIEW.OBJ
W:\MSVS2010PROJECTS\WXE\WXE\RELEASE\WXEXEI.OBJ
W:\MSVS2010PROJECTS\WXE\WXE\RELEASE\WXEXEI2.OBJ
W:\MSVS2010PROJECTS\WXE\WXE\RELEASE\WXEXEI3.OBJ
W:\MSVS2010PROJECTS\WXE\WXE\RELEASE\XE.OBJ
W:\MSVS2010PROJECTS\WXE\WXE\RELEASE\XECALC.OBJ
W:\MSVS2010PROJECTS\WXE\WXE\RELEASE\XECALC2.OBJ
W:\MSVS2010PROJECTS\WXE\WXE\RELEASE\XECALC21.OBJ
W:\MSVS2010PROJECTS\WXE\WXE\RELEASE\XECALC22.OBJ
W:\MSVS2010PROJECTS\WXE\WXE\RELEASE\XECALC3.OBJ
W:\MSVS2010PROJECTS\WXE\WXE\RELEASE\XECAP.OBJ
W:\MSVS2010PROJECTS\WXE\WXE\RELEASE\XECAP2.OBJ
W:\MSVS2010PROJECTS\WXE\WXE\RELEASE\XECHAR.OBJ
W:\MSVS2010PROJECTS\WXE\WXE\RELEASE\XECHAR12.OBJ
W:\MSVS2010PROJECTS\WXE\WXE\RELEASE\XECHAR13.OBJ
W:\MSVS2010PROJECTS\WXE\WXE\RELEASE\XECHAR2.OBJ
W:\MSVS2010PROJECTS\WXE\WXE\RELEASE\XECSR.OBJ
W:\MSVS2010PROJECTS\WXE\WXE\RELEASE\XEDCMD.OBJ
W:\MSVS2010PROJECTS\WXE\WXE\RELEASE\XEDCMD2.OBJ
W:\MSVS2010PROJECTS\WXE\WXE\RELEASE\XEDCMD3.OBJ
W:\MSVS2010PROJECTS\WXE\WXE\RELEASE\XEDCMD4.OBJ
W:\MSVS2010PROJECTS\WXE\WXE\RELEASE\XEDIR.OBJ
W:\MSVS2010PROJECTS\WXE\WXE\RELEASE\XEDIR2.OBJ
W:\MSVS2010PROJECTS\WXE\WXE\RELEASE\XEDIR3.OBJ
W:\MSVS2010PROJECTS\WXE\WXE\RELEASE\XEDIR4.OBJ
W:\MSVS2010PROJECTS\WXE\WXE\RELEASE\XEDLCMD.OBJ
W:\MSVS2010PROJECTS\WXE\WXE\RELEASE\XEDLCMD2.OBJ
W:\MSVS2010PROJECTS\WXE\WXE\RELEASE\XEDLCMD3.OBJ
W:\MSVS2010PROJECTS\WXE\WXE\RELEASE\XEDLCMD4.OBJ
W:\MSVS2010PROJECTS\WXE\WXE\RELEASE\XEDLCMD5.OBJ
W:\MSVS2010PROJECTS\WXE\WXE\RELEASE\XEDLCMD6.OBJ
W:\MSVS2010PROJECTS\WXE\WXE\RELEASE\XEEBC.OBJ
W:\MSVS2010PROJECTS\WXE\WXE\RELEASE\XEERR.OBJ
W:\MSVS2010PROJECTS\WXE\WXE\RELEASE\XEFCMD.OBJ
W:\MSVS2010PROJECTS\WXE\WXE\RELEASE\XEFCMD2.OBJ
W:\MSVS2010PROJECTS\WXE\WXE\RELEASE\XEFCMD22.OBJ
W:\MSVS2010PROJECTS\WXE\WXE\RELEASE\XEFCMD23.OBJ
W:\MSVS2010PROJECTS\WXE\WXE\RELEASE\XEFCMD24.OBJ
W:\MSVS2010PROJECTS\WXE\WXE\RELEASE\XEFCMD25.OBJ
W:\MSVS2010PROJECTS\WXE\WXE\RELEASE\XEFCMD26.OBJ
W:\MSVS2010PROJECTS\WXE\WXE\RELEASE\XEFCMD27.OBJ
W:\MSVS2010PROJECTS\WXE\WXE\RELEASE\XEFCMD3.OBJ
W:\MSVS2010PROJECTS\WXE\WXE\RELEASE\XEFCMD4.OBJ
W:\MSVS2010PROJECTS\WXE\WXE\RELEASE\XEFCMD42.OBJ
W:\MSVS2010PROJECTS\WXE\WXE\RELEASE\XEFCMD43.OBJ
W:\MSVS2010PROJECTS\WXE\WXE\RELEASE\XEFCMD5.OBJ
W:\MSVS2010PROJECTS\WXE\WXE\RELEASE\XEFCMD6.OBJ
W:\MSVS2010PROJECTS\WXE\WXE\RELEASE\XEFILE.OBJ
W:\MSVS2010PROJECTS\WXE\WXE\RELEASE\XEFILE12.OBJ
W:\MSVS2010PROJECTS\WXE\WXE\RELEASE\XEFILE13.OBJ
W:\MSVS2010PROJECTS\WXE\WXE\RELEASE\XEFILE14.OBJ
W:\MSVS2010PROJECTS\WXE\WXE\RELEASE\XEFILE15.OBJ
W:\MSVS2010PROJECTS\WXE\WXE\RELEASE\XEFILE2.OBJ
W:\MSVS2010PROJECTS\WXE\WXE\RELEASE\XEFILE22.OBJ
W:\MSVS2010PROJECTS\WXE\WXE\RELEASE\XEFILE23.OBJ
W:\MSVS2010PROJECTS\WXE\WXE\RELEASE\XEFILE3.OBJ
W:\MSVS2010PROJECTS\WXE\WXE\RELEASE\XEFILE4.OBJ
W:\MSVS2010PROJECTS\WXE\WXE\RELEASE\XEFILE42.OBJ
W:\MSVS2010PROJECTS\WXE\WXE\RELEASE\XEFILE43.OBJ
W:\MSVS2010PROJECTS\WXE\WXE\RELEASE\XEFILE5.OBJ
W:\MSVS2010PROJECTS\WXE\WXE\RELEASE\XEFILE6.OBJ
W:\MSVS2010PROJECTS\WXE\WXE\RELEASE\XEFILE7.OBJ
W:\MSVS2010PROJECTS\WXE\WXE\RELEASE\XEFSUB.OBJ
W:\MSVS2010PROJECTS\WXE\WXE\RELEASE\XEFSUBW.OBJ
W:\MSVS2010PROJECTS\WXE\WXE\RELEASE\XEFTP.OBJ
W:\MSVS2010PROJECTS\WXE\WXE\RELEASE\XEFUNC.OBJ
W:\MSVS2010PROJECTS\WXE\WXE\RELEASE\XEFUNC2.OBJ
W:\MSVS2010PROJECTS\WXE\WXE\RELEASE\XEFUNCT.OBJ
W:\MSVS2010PROJECTS\WXE\WXE\RELEASE\XEFUNCT2.OBJ
W:\MSVS2010PROJECTS\WXE\WXE\RELEASE\XEGBL.OBJ
W:\MSVS2010PROJECTS\WXE\WXE\RELEASE\XEINI.OBJ
W:\MSVS2010PROJECTS\WXE\WXE\RELEASE\XEINI2.OBJ
W:\MSVS2010PROJECTS\WXE\WXE\RELEASE\XEINI3.OBJ
W:\MSVS2010PROJECTS\WXE\WXE\RELEASE\XEKBD.OBJ
W:\MSVS2010PROJECTS\WXE\WXE\RELEASE\XELCMD.OBJ
W:\MSVS2010PROJECTS\WXE\WXE\RELEASE\XELCMD2.OBJ
W:\MSVS2010PROJECTS\WXE\WXE\RELEASE\XELCMD3.OBJ
W:\MSVS2010PROJECTS\WXE\WXE\RELEASE\XELCMD4.OBJ
W:\MSVS2010PROJECTS\WXE\WXE\RELEASE\XELCMD5.OBJ
W:\MSVS2010PROJECTS\WXE\WXE\RELEASE\XEOPT.OBJ
W:\MSVS2010PROJECTS\WXE\WXE\RELEASE\XEOPT2.OBJ
W:\MSVS2010PROJECTS\WXE\WXE\RELEASE\XEPAN.OBJ
W:\MSVS2010PROJECTS\WXE\WXE\RELEASE\XEPAN2.OBJ
W:\MSVS2010PROJECTS\WXE\WXE\RELEASE\XEPAN22.OBJ
W:\MSVS2010PROJECTS\WXE\WXE\RELEASE\XEPAN23.OBJ
W:\MSVS2010PROJECTS\WXE\WXE\RELEASE\XEPAN24.OBJ
W:\MSVS2010PROJECTS\WXE\WXE\RELEASE\XEPAN3.OBJ
W:\MSVS2010PROJECTS\WXE\WXE\RELEASE\XESCR.OBJ
W:\MSVS2010PROJECTS\WXE\WXE\RELEASE\XESCR2.OBJ
W:\MSVS2010PROJECTS\WXE\WXE\RELEASE\XESUB.OBJ
W:\MSVS2010PROJECTS\WXE\WXE\RELEASE\XESUB2.OBJ
W:\MSVS2010PROJECTS\WXE\WXE\RELEASE\XESYN.OBJ
W:\MSVS2010PROJECTS\WXE\WXE\RELEASE\XESYN2.OBJ
W:\MSVS2010PROJECTS\WXE\WXE\RELEASE\XESYSCMD.OBJ
W:\MSVS2010PROJECTS\WXE\WXE\RELEASE\XETSO.OBJ
W:\MSVS2010PROJECTS\WXE\WXE\RELEASE\XETSO2.OBJ
W:\MSVS2010PROJECTS\WXE\WXE\RELEASE\XEUNDO.OBJ
W:\MSVS2010PROJECTS\WXE\WXE\RELEASE\XEUTF.OBJ
W:\MSVS2010PROJECTS\WXE\WXE\RELEASE\XEUTF2.OBJ
