2017/06/25 15:33:16 にビルドを開始しました。
     1>ノード 2 上のプロジェクト "W:\msvs2010Projects\wxe\wxe\wxe.vcxproj" (build ターゲット)。
     1>InitializeBuildStatus:
         "AlwaysCreate" が指定されたため "Debug\wxe.unsuccessfulbuild" を作成しています。
       ClCompile:
         W:\msvs2010\VC\bin\x86_amd64\CL.exe /c /Zi /nologo /W4 /WX- /Od /Oy- /D TRACE /D WIN32 /D _WINDOWS /D STRICT /D _DEBUG /D W32 /D _CRT_SECURE_NO_DEPRECATE /D WXE /D UTF8SUPPH /D UTF8UCS2 /D UTF8EBCD /D NOMT_TRACE /D VC10EXP /D WIN10 /D _MBCS /D _ATL_STATIC_REGISTRY /Gm /EHsc /RTC1 /MTd /GS /fp:precise /Zc:wchar_t /Zc:forScope /Fo"Debug\\" /Fd"Debug\vcWindows7.1SDK.pdb" /Gd /TC /errorReport:prompt g:\src\mfc\wxe2010\wxexei.c g:\src\xe\xesyn.c g:\src\xe\xesyn2.c /J /we4700  /w34701 /wd4100 /wd4214 /wd4057 /wd4996 /wd4706 /wd4210 /wd4244 /wd4055 /wd4152  /wd4996 /wd4245 /wd4127 /wd4131 /wd4267 /wd4366 
         xesyn2.c
         xesyn.c
         wxexei.c
         Generating Code...
         すべての出力が最新のものです。
       ResourceCompile:
         すべての出力が最新のものです。
       ManifestResourceCompile:
         すべての出力が最新のものです。
       Link:
         W:\msvs2010\VC\bin\x86_amd64\link.exe /ERRORREPORT:PROMPT /OUT:"Debug\wxe.exe" /INCREMENTAL /NOLOGO Htmlhelp.Lib Imm32.Lib atlthunk.lib kernel32.lib user32.lib gdi32.lib winspool.lib comdlg32.lib advapi32.lib shell32.lib ole32.lib oleaut32.lib uuid.lib odbc32.lib odbccp32.lib /MANIFEST /ManifestFile:"Debug\wxe.exe.intermediate.manifest" /MANIFESTUAC:"level='asInvoker' uiAccess='false'" /DEBUG /PDB:"W:\msvs2010Projects\wxe\wxe\Debug\wxe.pdb" /MAP /SUBSYSTEM:WINDOWS /TLBID:1 /DYNAMICBASE /NXCOMPAT /IMPLIB:"Debug\wxe.lib" /MACHINE:X64 Debug\wxe.res
         Debug\wxe.exe.embed.manifest.res
         Debug\u3270.obj
         Debug\u32702.obj
         Debug\u32703.obj
         Debug\uabend.obj
         Debug\ualloc.obj
         Debug\ucalc.obj
         Debug\ucalc2.obj
         Debug\ucvebc.obj
         Debug\ucvebc2.obj
         Debug\ucvebc3.obj
         Debug\ucvebc32.obj
         Debug\ucvebc4.obj
         Debug\ucvebct.obj
         Debug\ucvext.obj
         Debug\ucvext12.obj
         Debug\ucvext2.obj
         Debug\ucvucs.obj
         Debug\ucvucst.obj
         Debug\udbcschk.obj
         Debug\udbcsck2.obj
         Debug\udos.obj
         Debug\udos2.obj
         Debug\uedit.obj
         Debug\uedit2.obj
         Debug\uerr.obj
         Debug\ufemsg.obj
         Debug\ufile.obj
         Debug\ufile12.obj
         Debug\ufile1f.obj
         Debug\ufile2.obj
         Debug\ufile2f.obj
         Debug\ufile3.obj
         Debug\ufile3f.obj
         Debug\ufile4.obj
         Debug\ufile5.obj
         Debug\uftp.obj
         Debug\uftp2.obj
         Debug\uftp3.obj
         Debug\ukbd.obj
         Debug\ukbdw.obj
         Debug\umiscf.obj
         Debug\uparse.obj
         Debug\uproc.obj
         Debug\uproc2.obj
         Debug\uproc22.obj
         Debug\uproc3.obj
         Debug\uproc4.obj
         Debug\uque.obj
         Debug\uregex.obj
         Debug\ustring.obj
         Debug\utf.obj
         Debug\utf2.obj
         Debug\utf22.obj
         Debug\utf3.obj
         Debug\utf4.obj
         Debug\utrace.obj
         Debug\uvio.obj
         Debug\uvio2.obj
         Debug\uviom.obj
         Debug\uwinsub.obj
         Debug\xe.obj
         Debug\xecalc.obj
         Debug\xecalc2.obj
         Debug\xecalc21.obj
         Debug\xecalc22.obj
         Debug\xecalc3.obj
         Debug\xecap.obj
         Debug\xecap2.obj
         Debug\xechar.obj
         Debug\xechar12.obj
         Debug\xechar13.obj
         Debug\xechar2.obj
         Debug\xecsr.obj
         Debug\xedcmd.obj
         Debug\xedcmd2.obj
         Debug\xedcmd3.obj
         Debug\xedcmd4.obj
         Debug\xedir.obj
         Debug\xedir2.obj
         Debug\xedir3.obj
         Debug\xedir4.obj
         Debug\xedlcmd.obj
         Debug\xedlcmd2.obj
         Debug\xedlcmd3.obj
         Debug\xedlcmd4.obj
         Debug\xedlcmd5.obj
         Debug\xedlcmd6.obj
         Debug\xeebc.obj
         Debug\xeerr.obj
         Debug\xefcmd.obj
         Debug\xefcmd2.obj
         Debug\xefcmd22.obj
         Debug\xefcmd23.obj
         Debug\xefcmd24.obj
         Debug\xefcmd25.obj
         Debug\xefcmd26.obj
         Debug\xefcmd27.obj
         Debug\xefcmd3.obj
         Debug\xefcmd4.obj
         Debug\xefcmd42.obj
         Debug\xefcmd43.obj
         Debug\xefcmd5.obj
         Debug\xefcmd6.obj
         Debug\xefile.obj
         Debug\xefile12.obj
         Debug\xefile13.obj
         Debug\xefile14.obj
         Debug\xefile15.obj
         Debug\xefile2.obj
         Debug\xefile22.obj
         Debug\xefile23.obj
         Debug\xefile3.obj
         Debug\xefile4.obj
         Debug\xefile42.obj
         Debug\xefile43.obj
         Debug\xefile5.obj
         Debug\xefile6.obj
         Debug\xefile7.obj
         Debug\xefsub.obj
         Debug\xeftp.obj
         Debug\xefunc.obj
         Debug\xefunc2.obj
         Debug\xefunct.obj
         Debug\xefunct2.obj
         Debug\xegbl.obj
         Debug\xeini.obj
         Debug\xeini2.obj
         Debug\xeini3.obj
         Debug\xekbd.obj
         Debug\xelcmd.obj
         Debug\xelcmd2.obj
         Debug\xelcmd3.obj
         Debug\xelcmd4.obj
         Debug\xelcmd5.obj
         Debug\xeopt.obj
         Debug\xeopt2.obj
         Debug\xepan.obj
         Debug\xepan2.obj
         Debug\xepan22.obj
         Debug\xepan23.obj
         Debug\xepan24.obj
         Debug\xepan3.obj
         Debug\xescr.obj
         Debug\xescr2.obj
         Debug\xesub.obj
         Debug\xesub2.obj
         Debug\xesyn.obj
         Debug\xesyn2.obj
         Debug\xesyscmd.obj
         Debug\xetso.obj
         Debug\xetso2.obj
         Debug\xeundo.obj
         Debug\xeutf.obj
         Debug\xeutf2.obj
         Debug\MainFrm.obj
         Debug\stdafx.obj
         Debug\wxe.obj
         Debug\wxedlg.obj
         Debug\wxedoc.obj
         Debug\wxefile.obj
         Debug\wxekbd.obj
         Debug\wxemain.obj
         Debug\wxemouse.obj
         Debug\wxepage.obj
         Debug\wxeprt.obj
         Debug\wxescr.obj
         Debug\wxeview.obj
         Debug\wxecsub.obj
         Debug\wxecsub2.obj
         Debug\wxexei.obj
         Debug\wxexei2.obj
         Debug\wxexei3.obj
         Debug\ufilew.obj
         Debug\ustrcpy.obj
         Debug\xefsubw.obj
         wxe.vcxproj -> W:\msvs2010Projects\wxe\wxe\Debug\wxe.exe
       Manifest:
         w:\mssdkw71\bin\mt.exe /nologo /verbose /out:"Debug\wxe.exe.embed.manifest" /manifest Debug\wxe.exe.intermediate.manifest
         すべての出力が最新のものです。
       LinkEmbedManifest:
         すべての出力が最新のものです。
         wxe.vcxproj -> W:\msvs2010Projects\wxe\wxe\Debug\wxe.exe
       FinalizeBuildStatus:
         ファイル "Debug\wxe.unsuccessfulbuild" を削除しています。
         "Debug\wxe.lastbuildstate" のタッチ タスクを実行しています。
     1>プロジェクト "W:\msvs2010Projects\wxe\wxe\wxe.vcxproj" (build ターゲット) のビルドが完了しました。

ビルドに成功しました。

経過時間 00:00:06.35
