Debug\wxe.ilk
Debug\wxe.pdb
W:\msvs2010Projects\wxe\wxe\Debug\cl.command.1.tlog
W:\msvs2010Projects\wxe\wxe\Debug\CL.read.1.tlog
W:\msvs2010Projects\wxe\wxe\Debug\CL.write.1.tlog
W:\msvs2010Projects\wxe\wxe\Debug\link.command.1.tlog
W:\msvs2010Projects\wxe\wxe\Debug\link.read.1.tlog
W:\msvs2010Projects\wxe\wxe\Debug\link.write.1.tlog
W:\msvs2010Projects\wxe\wxe\Debug\link-cvtres.read.1.tlog
W:\msvs2010Projects\wxe\wxe\Debug\link-cvtres.write.1.tlog
W:\MSVS2010PROJECTS\WXE\WXE\DEBUG\MAINFRM.OBJ
W:\msvs2010Projects\wxe\wxe\Debug\mt.command.1.tlog
W:\msvs2010Projects\wxe\wxe\Debug\mt.read.1.tlog
W:\msvs2010Projects\wxe\wxe\Debug\mt.write.1.tlog
W:\msvs2010Projects\wxe\wxe\Debug\rc.command.1.tlog
W:\msvs2010Projects\wxe\wxe\Debug\rc.read.1.tlog
W:\msvs2010Projects\wxe\wxe\Debug\rc.write.1.tlog
W:\MSVS2010PROJECTS\WXE\WXE\DEBUG\STDAFX.OBJ
W:\MSVS2010PROJECTS\WXE\WXE\DEBUG\U3270.OBJ
W:\MSVS2010PROJECTS\WXE\WXE\DEBUG\U32702.OBJ
W:\MSVS2010PROJECTS\WXE\WXE\DEBUG\U32703.OBJ
W:\MSVS2010PROJECTS\WXE\WXE\DEBUG\UABEND.OBJ
W:\MSVS2010PROJECTS\WXE\WXE\DEBUG\UALLOC.OBJ
W:\MSVS2010PROJECTS\WXE\WXE\DEBUG\UCALC.OBJ
W:\MSVS2010PROJECTS\WXE\WXE\DEBUG\UCALC2.OBJ
W:\MSVS2010PROJECTS\WXE\WXE\DEBUG\UCVEBC.OBJ
W:\MSVS2010PROJECTS\WXE\WXE\DEBUG\UCVEBC2.OBJ
W:\MSVS2010PROJECTS\WXE\WXE\DEBUG\UCVEBC3.OBJ
W:\MSVS2010PROJECTS\WXE\WXE\DEBUG\UCVEBC32.OBJ
W:\MSVS2010PROJECTS\WXE\WXE\DEBUG\UCVEBC4.OBJ
W:\MSVS2010PROJECTS\WXE\WXE\DEBUG\UCVEBCT.OBJ
W:\MSVS2010PROJECTS\WXE\WXE\DEBUG\UCVEXT.OBJ
W:\MSVS2010PROJECTS\WXE\WXE\DEBUG\UCVEXT12.OBJ
W:\MSVS2010PROJECTS\WXE\WXE\DEBUG\UCVEXT2.OBJ
W:\MSVS2010PROJECTS\WXE\WXE\DEBUG\UCVUCS.OBJ
W:\MSVS2010PROJECTS\WXE\WXE\DEBUG\UCVUCST.OBJ
W:\MSVS2010PROJECTS\WXE\WXE\DEBUG\UDBCSCHK.OBJ
W:\MSVS2010PROJECTS\WXE\WXE\DEBUG\UDBCSCK2.OBJ
W:\MSVS2010PROJECTS\WXE\WXE\DEBUG\UDOS.OBJ
W:\MSVS2010PROJECTS\WXE\WXE\DEBUG\UDOS2.OBJ
W:\MSVS2010PROJECTS\WXE\WXE\DEBUG\UEDIT.OBJ
W:\MSVS2010PROJECTS\WXE\WXE\DEBUG\UEDIT2.OBJ
W:\MSVS2010PROJECTS\WXE\WXE\DEBUG\UERR.OBJ
W:\MSVS2010PROJECTS\WXE\WXE\DEBUG\UFEMSG.OBJ
W:\MSVS2010PROJECTS\WXE\WXE\DEBUG\UFILE.OBJ
W:\MSVS2010PROJECTS\WXE\WXE\DEBUG\UFILE12.OBJ
W:\MSVS2010PROJECTS\WXE\WXE\DEBUG\UFILE1F.OBJ
W:\MSVS2010PROJECTS\WXE\WXE\DEBUG\UFILE2.OBJ
W:\MSVS2010PROJECTS\WXE\WXE\DEBUG\UFILE2F.OBJ
W:\MSVS2010PROJECTS\WXE\WXE\DEBUG\UFILE3.OBJ
W:\MSVS2010PROJECTS\WXE\WXE\DEBUG\UFILE3F.OBJ
W:\MSVS2010PROJECTS\WXE\WXE\DEBUG\UFILE4.OBJ
W:\MSVS2010PROJECTS\WXE\WXE\DEBUG\UFILE5.OBJ
W:\MSVS2010PROJECTS\WXE\WXE\DEBUG\UFILEW.OBJ
W:\MSVS2010PROJECTS\WXE\WXE\DEBUG\UFTP.OBJ
W:\MSVS2010PROJECTS\WXE\WXE\DEBUG\UFTP2.OBJ
W:\MSVS2010PROJECTS\WXE\WXE\DEBUG\UFTP3.OBJ
W:\MSVS2010PROJECTS\WXE\WXE\DEBUG\UKBD.OBJ
W:\MSVS2010PROJECTS\WXE\WXE\DEBUG\UKBDW.OBJ
W:\MSVS2010PROJECTS\WXE\WXE\DEBUG\UMISCF.OBJ
W:\MSVS2010PROJECTS\WXE\WXE\DEBUG\UPARSE.OBJ
W:\MSVS2010PROJECTS\WXE\WXE\DEBUG\UPROC.OBJ
W:\MSVS2010PROJECTS\WXE\WXE\DEBUG\UPROC2.OBJ
W:\MSVS2010PROJECTS\WXE\WXE\DEBUG\UPROC22.OBJ
W:\MSVS2010PROJECTS\WXE\WXE\DEBUG\UPROC3.OBJ
W:\MSVS2010PROJECTS\WXE\WXE\DEBUG\UPROC4.OBJ
W:\MSVS2010PROJECTS\WXE\WXE\DEBUG\UQUE.OBJ
W:\MSVS2010PROJECTS\WXE\WXE\DEBUG\UREGEX.OBJ
W:\MSVS2010PROJECTS\WXE\WXE\DEBUG\USTRCPY.OBJ
W:\MSVS2010PROJECTS\WXE\WXE\DEBUG\USTRING.OBJ
W:\MSVS2010PROJECTS\WXE\WXE\DEBUG\UTF.OBJ
W:\MSVS2010PROJECTS\WXE\WXE\DEBUG\UTF2.OBJ
W:\MSVS2010PROJECTS\WXE\WXE\DEBUG\UTF22.OBJ
W:\MSVS2010PROJECTS\WXE\WXE\DEBUG\UTF3.OBJ
W:\MSVS2010PROJECTS\WXE\WXE\DEBUG\UTF4.OBJ
W:\MSVS2010PROJECTS\WXE\WXE\DEBUG\UTRACE.OBJ
W:\MSVS2010PROJECTS\WXE\WXE\DEBUG\UVIO.OBJ
W:\MSVS2010PROJECTS\WXE\WXE\DEBUG\UVIO2.OBJ
W:\MSVS2010PROJECTS\WXE\WXE\DEBUG\UVIOM.OBJ
W:\MSVS2010PROJECTS\WXE\WXE\DEBUG\UWINSUB.OBJ
W:\msvs2010Projects\wxe\wxe\Debug\vcWindows7.1SDK.idb
W:\MSVS2010PROJECTS\WXE\WXE\DEBUG\VCWINDOWS7.1SDK.PDB
W:\MSVS2010PROJECTS\WXE\WXE\DEBUG\WXE.EXE
W:\MSVS2010PROJECTS\WXE\WXE\DEBUG\WXE.EXE.EMBED.MANIFEST
W:\MSVS2010PROJECTS\WXE\WXE\DEBUG\WXE.EXE.EMBED.MANIFEST.RES
W:\MSVS2010PROJECTS\WXE\WXE\DEBUG\WXE.EXE.INTERMEDIATE.MANIFEST
W:\MSVS2010PROJECTS\WXE\WXE\DEBUG\WXE.ILK
W:\MSVS2010PROJECTS\WXE\WXE\DEBUG\WXE.MAP
W:\MSVS2010PROJECTS\WXE\WXE\DEBUG\WXE.OBJ
W:\MSVS2010PROJECTS\WXE\WXE\DEBUG\WXE.PDB
W:\MSVS2010PROJECTS\WXE\WXE\DEBUG\WXE.RES
W:\msvs2010Projects\wxe\wxe\Debug\wxe.vcxprojResolveAssemblyReference.cache
W:\msvs2010Projects\wxe\wxe\Debug\wxe.write.1.tlog
W:\msvs2010Projects\wxe\wxe\Debug\wxe_manifest.rc
W:\MSVS2010PROJECTS\WXE\WXE\DEBUG\WXECSUB.OBJ
W:\MSVS2010PROJECTS\WXE\WXE\DEBUG\WXECSUB2.OBJ
W:\MSVS2010PROJECTS\WXE\WXE\DEBUG\WXEDLG.OBJ
W:\MSVS2010PROJECTS\WXE\WXE\DEBUG\WXEDOC.OBJ
W:\MSVS2010PROJECTS\WXE\WXE\DEBUG\WXEFILE.OBJ
W:\MSVS2010PROJECTS\WXE\WXE\DEBUG\WXEKBD.OBJ
W:\MSVS2010PROJECTS\WXE\WXE\DEBUG\WXEMAIN.OBJ
W:\MSVS2010PROJECTS\WXE\WXE\DEBUG\WXEMOUSE.OBJ
W:\MSVS2010PROJECTS\WXE\WXE\DEBUG\WXEPAGE.OBJ
W:\MSVS2010PROJECTS\WXE\WXE\DEBUG\WXEPRT.OBJ
W:\MSVS2010PROJECTS\WXE\WXE\DEBUG\WXESCR.OBJ
W:\MSVS2010PROJECTS\WXE\WXE\DEBUG\WXEVIEW.OBJ
W:\MSVS2010PROJECTS\WXE\WXE\DEBUG\WXEXEI.OBJ
W:\MSVS2010PROJECTS\WXE\WXE\DEBUG\WXEXEI2.OBJ
W:\MSVS2010PROJECTS\WXE\WXE\DEBUG\WXEXEI3.OBJ
W:\MSVS2010PROJECTS\WXE\WXE\DEBUG\XE.OBJ
W:\MSVS2010PROJECTS\WXE\WXE\DEBUG\XECALC.OBJ
W:\MSVS2010PROJECTS\WXE\WXE\DEBUG\XECALC2.OBJ
W:\MSVS2010PROJECTS\WXE\WXE\DEBUG\XECALC21.OBJ
W:\MSVS2010PROJECTS\WXE\WXE\DEBUG\XECALC22.OBJ
W:\MSVS2010PROJECTS\WXE\WXE\DEBUG\XECALC3.OBJ
W:\MSVS2010PROJECTS\WXE\WXE\DEBUG\XECAP.OBJ
W:\MSVS2010PROJECTS\WXE\WXE\DEBUG\XECAP2.OBJ
W:\MSVS2010PROJECTS\WXE\WXE\DEBUG\XECHAR.OBJ
W:\MSVS2010PROJECTS\WXE\WXE\DEBUG\XECHAR12.OBJ
W:\MSVS2010PROJECTS\WXE\WXE\DEBUG\XECHAR13.OBJ
W:\MSVS2010PROJECTS\WXE\WXE\DEBUG\XECHAR2.OBJ
W:\MSVS2010PROJECTS\WXE\WXE\DEBUG\XECSR.OBJ
W:\MSVS2010PROJECTS\WXE\WXE\DEBUG\XEDCMD.OBJ
W:\MSVS2010PROJECTS\WXE\WXE\DEBUG\XEDCMD2.OBJ
W:\MSVS2010PROJECTS\WXE\WXE\DEBUG\XEDCMD3.OBJ
W:\MSVS2010PROJECTS\WXE\WXE\DEBUG\XEDCMD4.OBJ
W:\MSVS2010PROJECTS\WXE\WXE\DEBUG\XEDIR.OBJ
W:\MSVS2010PROJECTS\WXE\WXE\DEBUG\XEDIR2.OBJ
W:\MSVS2010PROJECTS\WXE\WXE\DEBUG\XEDIR3.OBJ
W:\MSVS2010PROJECTS\WXE\WXE\DEBUG\XEDIR4.OBJ
W:\MSVS2010PROJECTS\WXE\WXE\DEBUG\XEDLCMD.OBJ
W:\MSVS2010PROJECTS\WXE\WXE\DEBUG\XEDLCMD2.OBJ
W:\MSVS2010PROJECTS\WXE\WXE\DEBUG\XEDLCMD3.OBJ
W:\MSVS2010PROJECTS\WXE\WXE\DEBUG\XEDLCMD4.OBJ
W:\MSVS2010PROJECTS\WXE\WXE\DEBUG\XEDLCMD5.OBJ
W:\MSVS2010PROJECTS\WXE\WXE\DEBUG\XEDLCMD6.OBJ
W:\MSVS2010PROJECTS\WXE\WXE\DEBUG\XEEBC.OBJ
W:\MSVS2010PROJECTS\WXE\WXE\DEBUG\XEERR.OBJ
W:\MSVS2010PROJECTS\WXE\WXE\DEBUG\XEFCMD.OBJ
W:\MSVS2010PROJECTS\WXE\WXE\DEBUG\XEFCMD2.OBJ
W:\MSVS2010PROJECTS\WXE\WXE\DEBUG\XEFCMD22.OBJ
W:\MSVS2010PROJECTS\WXE\WXE\DEBUG\XEFCMD23.OBJ
W:\MSVS2010PROJECTS\WXE\WXE\DEBUG\XEFCMD24.OBJ
W:\MSVS2010PROJECTS\WXE\WXE\DEBUG\XEFCMD25.OBJ
W:\MSVS2010PROJECTS\WXE\WXE\DEBUG\XEFCMD26.OBJ
W:\MSVS2010PROJECTS\WXE\WXE\DEBUG\XEFCMD27.OBJ
W:\MSVS2010PROJECTS\WXE\WXE\DEBUG\XEFCMD3.OBJ
W:\MSVS2010PROJECTS\WXE\WXE\DEBUG\XEFCMD4.OBJ
W:\MSVS2010PROJECTS\WXE\WXE\DEBUG\XEFCMD42.OBJ
W:\MSVS2010PROJECTS\WXE\WXE\DEBUG\XEFCMD43.OBJ
W:\MSVS2010PROJECTS\WXE\WXE\DEBUG\XEFCMD5.OBJ
W:\MSVS2010PROJECTS\WXE\WXE\DEBUG\XEFCMD6.OBJ
W:\MSVS2010PROJECTS\WXE\WXE\DEBUG\XEFILE.OBJ
W:\MSVS2010PROJECTS\WXE\WXE\DEBUG\XEFILE12.OBJ
W:\MSVS2010PROJECTS\WXE\WXE\DEBUG\XEFILE13.OBJ
W:\MSVS2010PROJECTS\WXE\WXE\DEBUG\XEFILE14.OBJ
W:\MSVS2010PROJECTS\WXE\WXE\DEBUG\XEFILE15.OBJ
W:\MSVS2010PROJECTS\WXE\WXE\DEBUG\XEFILE2.OBJ
W:\MSVS2010PROJECTS\WXE\WXE\DEBUG\XEFILE22.OBJ
W:\MSVS2010PROJECTS\WXE\WXE\DEBUG\XEFILE23.OBJ
W:\MSVS2010PROJECTS\WXE\WXE\DEBUG\XEFILE3.OBJ
W:\MSVS2010PROJECTS\WXE\WXE\DEBUG\XEFILE4.OBJ
W:\MSVS2010PROJECTS\WXE\WXE\DEBUG\XEFILE42.OBJ
W:\MSVS2010PROJECTS\WXE\WXE\DEBUG\XEFILE43.OBJ
W:\MSVS2010PROJECTS\WXE\WXE\DEBUG\XEFILE5.OBJ
W:\MSVS2010PROJECTS\WXE\WXE\DEBUG\XEFILE6.OBJ
W:\MSVS2010PROJECTS\WXE\WXE\DEBUG\XEFILE7.OBJ
W:\MSVS2010PROJECTS\WXE\WXE\DEBUG\XEFSUB.OBJ
W:\MSVS2010PROJECTS\WXE\WXE\DEBUG\XEFSUBW.OBJ
W:\MSVS2010PROJECTS\WXE\WXE\DEBUG\XEFTP.OBJ
W:\MSVS2010PROJECTS\WXE\WXE\DEBUG\XEFUNC.OBJ
W:\MSVS2010PROJECTS\WXE\WXE\DEBUG\XEFUNC2.OBJ
W:\MSVS2010PROJECTS\WXE\WXE\DEBUG\XEFUNCT.OBJ
W:\MSVS2010PROJECTS\WXE\WXE\DEBUG\XEFUNCT2.OBJ
W:\MSVS2010PROJECTS\WXE\WXE\DEBUG\XEGBL.OBJ
W:\MSVS2010PROJECTS\WXE\WXE\DEBUG\XEINI.OBJ
W:\MSVS2010PROJECTS\WXE\WXE\DEBUG\XEINI2.OBJ
W:\MSVS2010PROJECTS\WXE\WXE\DEBUG\XEINI3.OBJ
W:\MSVS2010PROJECTS\WXE\WXE\DEBUG\XEKBD.OBJ
W:\MSVS2010PROJECTS\WXE\WXE\DEBUG\XELCMD.OBJ
W:\MSVS2010PROJECTS\WXE\WXE\DEBUG\XELCMD2.OBJ
W:\MSVS2010PROJECTS\WXE\WXE\DEBUG\XELCMD3.OBJ
W:\MSVS2010PROJECTS\WXE\WXE\DEBUG\XELCMD4.OBJ
W:\MSVS2010PROJECTS\WXE\WXE\DEBUG\XELCMD5.OBJ
W:\MSVS2010PROJECTS\WXE\WXE\DEBUG\XEOPT.OBJ
W:\MSVS2010PROJECTS\WXE\WXE\DEBUG\XEOPT2.OBJ
W:\MSVS2010PROJECTS\WXE\WXE\DEBUG\XEPAN.OBJ
W:\MSVS2010PROJECTS\WXE\WXE\DEBUG\XEPAN2.OBJ
W:\MSVS2010PROJECTS\WXE\WXE\DEBUG\XEPAN22.OBJ
W:\MSVS2010PROJECTS\WXE\WXE\DEBUG\XEPAN23.OBJ
W:\MSVS2010PROJECTS\WXE\WXE\DEBUG\XEPAN24.OBJ
W:\MSVS2010PROJECTS\WXE\WXE\DEBUG\XEPAN3.OBJ
W:\MSVS2010PROJECTS\WXE\WXE\DEBUG\XESCR.OBJ
W:\MSVS2010PROJECTS\WXE\WXE\DEBUG\XESCR2.OBJ
W:\MSVS2010PROJECTS\WXE\WXE\DEBUG\XESUB.OBJ
W:\MSVS2010PROJECTS\WXE\WXE\DEBUG\XESUB2.OBJ
W:\MSVS2010PROJECTS\WXE\WXE\DEBUG\XESYN.OBJ
W:\MSVS2010PROJECTS\WXE\WXE\DEBUG\XESYN2.OBJ
W:\MSVS2010PROJECTS\WXE\WXE\DEBUG\XESYSCMD.OBJ
W:\MSVS2010PROJECTS\WXE\WXE\DEBUG\XETSO.OBJ
W:\MSVS2010PROJECTS\WXE\WXE\DEBUG\XETSO2.OBJ
W:\MSVS2010PROJECTS\WXE\WXE\DEBUG\XEUNDO.OBJ
W:\MSVS2010PROJECTS\WXE\WXE\DEBUG\XEUTF.OBJ
W:\MSVS2010PROJECTS\WXE\WXE\DEBUG\XEUTF2.OBJ
